make[1]: Entering directory '/home/riscv_sec/metro-mpi/temp/dpi-mpi'
Cleaning up...
[H[2J[3J== == == 1. Elaborating with MPI-DPI...
verilator -cc adder.v  calculator.v  divider.v  multiplier.v  subtractor.v \
	--exe mpi-dpi-sim.cpp \
	--Mdir obj_dir \
	--top-module calculator \
	-CFLAGS "-O2 -Wall -I../obj_dir_mul" \
	-LDFLAGS "../obj_dir_mul/libVmultiplier.a -lstdc++" \
	--Wno-fatal --timing
MetroMPI 1. Going for verilate function: verilate(argString) in verilator.cpp(main)
MetroMPI 2. Going for process function: process() in verilator.cpp(verilate)
metro_mpi() at 211 in verilator.cpp
- V e r i l a t i o n   R e p o r t: Verilator 5.036 2025-04-27 rev v5.036-2-g9876d27ad (mod)
- Verilator: Built from 0.071 MB sources in 6 modules, into 0.030 MB in 8 C++ files needing 0.000 MB
- Verilator: Walltime 0.010 s (elab=0.001, cvt=0.004, bld=0.000); cpu 0.010 s on 1 threads; alloced 22.586 MB
== == == 2. Building the simulation binary...
make[2]: Entering directory '/home/riscv_sec/metro-mpi/temp/dpi-mpi/obj_dir'
mpic++  -I.  -MMD -I/usr/local/share/verilator/include -I/usr/local/share/verilator/include/vltstd -DVM_COVERAGE=0 -DVM_SC=0 -DVM_TIMING=0 -DVM_TRACE=0 -DVM_TRACE_FST=0 -DVM_TRACE_VCD=0 -DVM_TRACE_SAIF=0 -faligned-new -fcf-protection=none -Wno-bool-operation -Wno-shadow -Wno-sign-compare -Wno-subobject-linkage -Wno-tautological-compare -Wno-uninitialized -Wno-unused-but-set-parameter -Wno-unused-but-set-variable -Wno-unused-parameter -Wno-unused-variable    -O2 -Wall -I../obj_dir_mul   -Os  -c -o mpi-dpi-sim.o ../mpi-dpi-sim.cpp
mpic++ -Os  -I.  -MMD -I/usr/local/share/verilator/include -I/usr/local/share/verilator/include/vltstd -DVM_COVERAGE=0 -DVM_SC=0 -DVM_TIMING=0 -DVM_TRACE=0 -DVM_TRACE_FST=0 -DVM_TRACE_VCD=0 -DVM_TRACE_SAIF=0 -faligned-new -fcf-protection=none -Wno-bool-operation -Wno-shadow -Wno-sign-compare -Wno-subobject-linkage -Wno-tautological-compare -Wno-uninitialized -Wno-unused-but-set-parameter -Wno-unused-but-set-variable -Wno-unused-parameter -Wno-unused-variable    -O2 -Wall -I../obj_dir_mul   -c -o verilated.o /usr/local/share/verilator/include/verilated.cpp
mpic++ -Os  -I.  -MMD -I/usr/local/share/verilator/include -I/usr/local/share/verilator/include/vltstd -DVM_COVERAGE=0 -DVM_SC=0 -DVM_TIMING=0 -DVM_TRACE=0 -DVM_TRACE_FST=0 -DVM_TRACE_VCD=0 -DVM_TRACE_SAIF=0 -faligned-new -fcf-protection=none -Wno-bool-operation -Wno-shadow -Wno-sign-compare -Wno-subobject-linkage -Wno-tautological-compare -Wno-uninitialized -Wno-unused-but-set-parameter -Wno-unused-but-set-variable -Wno-unused-parameter -Wno-unused-variable    -O2 -Wall -I../obj_dir_mul   -c -o verilated_dpi.o /usr/local/share/verilator/include/verilated_dpi.cpp
mpic++ -Os  -I.  -MMD -I/usr/local/share/verilator/include -I/usr/local/share/verilator/include/vltstd -DVM_COVERAGE=0 -DVM_SC=0 -DVM_TIMING=0 -DVM_TRACE=0 -DVM_TRACE_FST=0 -DVM_TRACE_VCD=0 -DVM_TRACE_SAIF=0 -faligned-new -fcf-protection=none -Wno-bool-operation -Wno-shadow -Wno-sign-compare -Wno-subobject-linkage -Wno-tautological-compare -Wno-uninitialized -Wno-unused-but-set-parameter -Wno-unused-but-set-variable -Wno-unused-parameter -Wno-unused-variable    -O2 -Wall -I../obj_dir_mul   -c -o verilated_threads.o /usr/local/share/verilator/include/verilated_threads.cpp
python3 /usr/local/share/verilator/bin/verilator_includer -DVL_INCLUDE_OPT=include Vcalculator.cpp Vcalculator___024root__DepSet_he109b094__0.cpp Vcalculator___024root__DepSet_h4f6ef6e6__0.cpp Vcalculator__Dpi.cpp Vcalculator___024root__Slow.cpp Vcalculator___024root__DepSet_he109b094__0__Slow.cpp Vcalculator___024root__DepSet_h4f6ef6e6__0__Slow.cpp Vcalculator__Syms.cpp > Vcalculator__ALL.cpp
mpic++ -Os  -I.  -MMD -I/usr/local/share/verilator/include -I/usr/local/share/verilator/include/vltstd -DVM_COVERAGE=0 -DVM_SC=0 -DVM_TIMING=0 -DVM_TRACE=0 -DVM_TRACE_FST=0 -DVM_TRACE_VCD=0 -DVM_TRACE_SAIF=0 -faligned-new -fcf-protection=none -Wno-bool-operation -Wno-shadow -Wno-sign-compare -Wno-subobject-linkage -Wno-tautological-compare -Wno-uninitialized -Wno-unused-but-set-parameter -Wno-unused-but-set-variable -Wno-unused-parameter -Wno-unused-variable    -O2 -Wall -I../obj_dir_mul   -c -o Vcalculator__ALL.o Vcalculator__ALL.cpp
echo "" > Vcalculator__ALL.verilator_deplist.tmp
mpic++    mpi-dpi-sim.o verilated.o verilated_dpi.o verilated_threads.o Vcalculator__ALL.a   ../obj_dir_mul/libVmultiplier.a -lstdc++  -pthread -lpthread -latomic   -o Vcalculator
rm Vcalculator__ALL.verilator_deplist.tmp
make[2]: Leaving directory '/home/riscv_sec/metro-mpi/temp/dpi-mpi/obj_dir'
== == == 3. Running simulation...
--------------------------------------------------------------------------
mpirun has exited due to process rank 1 with PID 0 on
node computenode3 exiting improperly. There are three reasons this could occur:

1. this process did not call "init" before exiting, but others in
the job did. This can cause a job to hang indefinitely while it waits
for all processes to call "init". By rule, if one process calls "init",
then ALL processes must call "init" prior to termination.

2. this process called "init", but exited without calling "finalize".
By rule, all processes that call "init" MUST call "finalize" prior to
exiting or it will be considered an "abnormal termination"

3. this process called "MPI_Abort" or "orte_abort" and the mca parameter
orte_create_session_dirs is set to false. In this case, the run-time cannot
detect that the abort call was an abnormal termination. Hence, the only
error message you will receive is this one.

This may have caused other processes in the application to be
terminated by signals sent by mpirun (as reported here).

You can avoid this message by specifying -quiet on the mpirun command line.
--------------------------------------------------------------------------
make[1]: *** [Makefile:73: simulate_mpi] Error 1
make[1]: Leaving directory '/home/riscv_sec/metro-mpi/temp/dpi-mpi'
