make[1]: Entering directory '/home/riscv_sec/metro-mpi/temp/dpi-mpi/obj_dir'
mpic++   -I.  -MMD -I/usr/local/share/verilator/include -I/usr/local/share/verilator/include/vltstd -DVM_COVERAGE=0 -DVM_SC=0 -DVM_TIMING=0 -DVM_TRACE=0 -DVM_TRACE_FST=0 -DVM_TRACE_VCD=0 -DVM_TRACE_SAIF=0 -faligned-new -fcf-protection=none -Wno-bool-operation -Wno-shadow -Wno-sign-compare -Wno-subobject-linkage -Wno-tautological-compare -Wno-uninitialized -Wno-unused-but-set-parameter -Wno-unused-but-set-variable -Wno-unused-parameter -Wno-unused-variable    -O2 -Wall -I../obj_dir_mul   -Os  -c -o mpi-lib-mul.o ../mpi-lib-mul.cpp
g++ -Os  -I.  -MMD -I/usr/local/share/verilator/include -I/usr/local/share/verilator/include/vltstd -DVM_COVERAGE=0 -DVM_SC=0 -DVM_TIMING=0 -DVM_TRACE=0 -DVM_TRACE_FST=0 -DVM_TRACE_VCD=0 -DVM_TRACE_SAIF=0 -faligned-new -fcf-protection=none -Wno-bool-operation -Wno-shadow -Wno-sign-compare -Wno-subobject-linkage -Wno-tautological-compare -Wno-uninitialized -Wno-unused-but-set-parameter -Wno-unused-but-set-variable -Wno-unused-parameter -Wno-unused-variable    -O2 -Wall -I../obj_dir_mul   -c -o verilated.o /usr/local/share/verilator/include/verilated.cpp
g++ -Os  -I.  -MMD -I/usr/local/share/verilator/include -I/usr/local/share/verilator/include/vltstd -DVM_COVERAGE=0 -DVM_SC=0 -DVM_TIMING=0 -DVM_TRACE=0 -DVM_TRACE_FST=0 -DVM_TRACE_VCD=0 -DVM_TRACE_SAIF=0 -faligned-new -fcf-protection=none -Wno-bool-operation -Wno-shadow -Wno-sign-compare -Wno-subobject-linkage -Wno-tautological-compare -Wno-uninitialized -Wno-unused-but-set-parameter -Wno-unused-but-set-variable -Wno-unused-parameter -Wno-unused-variable    -O2 -Wall -I../obj_dir_mul   -c -o verilated_dpi.o /usr/local/share/verilator/include/verilated_dpi.cpp
g++ -Os  -I.  -MMD -I/usr/local/share/verilator/include -I/usr/local/share/verilator/include/vltstd -DVM_COVERAGE=0 -DVM_SC=0 -DVM_TIMING=0 -DVM_TRACE=0 -DVM_TRACE_FST=0 -DVM_TRACE_VCD=0 -DVM_TRACE_SAIF=0 -faligned-new -fcf-protection=none -Wno-bool-operation -Wno-shadow -Wno-sign-compare -Wno-subobject-linkage -Wno-tautological-compare -Wno-uninitialized -Wno-unused-but-set-parameter -Wno-unused-but-set-variable -Wno-unused-parameter -Wno-unused-variable    -O2 -Wall -I../obj_dir_mul   -c -o verilated_threads.o /usr/local/share/verilator/include/verilated_threads.cpp
python3 /usr/local/share/verilator/bin/verilator_includer -DVL_INCLUDE_OPT=include Vcalculator.cpp Vcalculator___024root__DepSet_he109b094__0.cpp Vcalculator___024root__DepSet_h4f6ef6e6__0.cpp Vcalculator__Dpi.cpp Vcalculator___024root__Slow.cpp Vcalculator___024root__DepSet_he109b094__0__Slow.cpp Vcalculator___024root__DepSet_h4f6ef6e6__0__Slow.cpp Vcalculator__Syms.cpp > Vcalculator__ALL.cpp
g++ -Os  -I.  -MMD -I/usr/local/share/verilator/include -I/usr/local/share/verilator/include/vltstd -DVM_COVERAGE=0 -DVM_SC=0 -DVM_TIMING=0 -DVM_TRACE=0 -DVM_TRACE_FST=0 -DVM_TRACE_VCD=0 -DVM_TRACE_SAIF=0 -faligned-new -fcf-protection=none -Wno-bool-operation -Wno-shadow -Wno-sign-compare -Wno-subobject-linkage -Wno-tautological-compare -Wno-uninitialized -Wno-unused-but-set-parameter -Wno-unused-but-set-variable -Wno-unused-parameter -Wno-unused-variable    -O2 -Wall -I../obj_dir_mul   -c -o Vcalculator__ALL.o Vcalculator__ALL.cpp
echo "" > Vcalculator__ALL.verilator_deplist.tmp
g++    metro_mpi.o mpi-dpi-sim.o mpi-lib-mul.o verilated.o verilated_dpi.o verilated_threads.o Vcalculator__ALL.a   ../obj_dir_mul/libVmultiplier.a -lstdc++  -pthread -lpthread -latomic   -o Vcalculator
/usr/bin/ld: mpi-dpi-sim.o: in function `initialize()':
mpi-dpi-sim.cpp:(.text+0x0): multiple definition of `initialize()'; metro_mpi.o:metro_mpi.cpp:(.text+0x0): first defined here
/usr/bin/ld: mpi-dpi-sim.o:(.bss+0x20): multiple definition of `mpi_all_type_req'; metro_mpi.o:(.bss+0x20): first defined here
/usr/bin/ld: mpi-dpi-sim.o:(.data.rel+0x10): multiple definition of `types_all_req'; metro_mpi.o:(.data.rel+0x10): first defined here
/usr/bin/ld: mpi-dpi-sim.o:(.bss+0x10): multiple definition of `offsets_all_req'; metro_mpi.o:(.bss+0x10): first defined here
/usr/bin/ld: mpi-dpi-sim.o:(.data+0x10): multiple definition of `blocklengths_all_req'; metro_mpi.o:(.data+0x8): first defined here
/usr/bin/ld: mpi-dpi-sim.o:(.bss+0x0): multiple definition of `offsets_all_resp'; metro_mpi.o:(.bss+0x0): first defined here
/usr/bin/ld: mpi-dpi-sim.o:(.bss+0x8): multiple definition of `mpi_all_type_resp'; metro_mpi.o:(.bss+0x8): first defined here
/usr/bin/ld: mpi-dpi-sim.o:(.data.rel+0x0): multiple definition of `types_all_resp'; metro_mpi.o:(.data.rel+0x0): first defined here
/usr/bin/ld: mpi-dpi-sim.o:(.data+0x8): multiple definition of `blocklengths_all_resp'; metro_mpi.o:(.data+0x0): first defined here
/usr/bin/ld: mpi-dpi-sim.o: in function `mpi_receive_finish()':
mpi-dpi-sim.cpp:(.text+0x90): multiple definition of `mpi_receive_finish()'; metro_mpi.o:metro_mpi.cpp:(.text+0x90): first defined here
/usr/bin/ld: mpi-dpi-sim.o: in function `mpi_send_finish(unsigned short, int)':
mpi-dpi-sim.cpp:(.text+0xe2): multiple definition of `mpi_send_finish(unsigned short, int)'; metro_mpi.o:metro_mpi.cpp:(.text+0xe2): first defined here
/usr/bin/ld: mpi-dpi-sim.o: in function `mpi_send_request(mpi_struct_req, int, int, int)':
mpi-dpi-sim.cpp:(.text+0x10f): multiple definition of `mpi_send_request(mpi_struct_req, int, int, int)'; metro_mpi.o:metro_mpi.cpp:(.text+0x10f): first defined here
/usr/bin/ld: mpi-dpi-sim.o: in function `mpi_receive_request(int, int)':
mpi-dpi-sim.cpp:(.text+0x13e): multiple definition of `mpi_receive_request(int, int)'; metro_mpi.o:metro_mpi.cpp:(.text+0x13e): first defined here
/usr/bin/ld: mpi-dpi-sim.o: in function `mpi_send_response(mpi_struct_resp, int, int, int)':
mpi-dpi-sim.cpp:(.text+0x19f): multiple definition of `mpi_send_response(mpi_struct_resp, int, int, int)'; metro_mpi.o:metro_mpi.cpp:(.text+0x19f): first defined here
/usr/bin/ld: mpi-dpi-sim.o: in function `mpi_receive_response(int, int)':
mpi-dpi-sim.cpp:(.text+0x1cf): multiple definition of `mpi_receive_response(int, int)'; metro_mpi.o:metro_mpi.cpp:(.text+0x1cf): first defined here
/usr/bin/ld: mpi-dpi-sim.o: in function `getRank()':
mpi-dpi-sim.cpp:(.text+0x22d): multiple definition of `getRank()'; metro_mpi.o:metro_mpi.cpp:(.text+0x22d): first defined here
/usr/bin/ld: mpi-dpi-sim.o: in function `getSize()':
mpi-dpi-sim.cpp:(.text+0x270): multiple definition of `getSize()'; metro_mpi.o:metro_mpi.cpp:(.text+0x270): first defined here
/usr/bin/ld: mpi-dpi-sim.o: in function `finalize()':
mpi-dpi-sim.cpp:(.text+0x2b3): multiple definition of `finalize()'; metro_mpi.o:metro_mpi.cpp:(.text+0x2b3): first defined here
/usr/bin/ld: mpi-lib-mul.o: in function `initialize()':
mpi-lib-mul.cpp:(.text+0x0): multiple definition of `initialize()'; metro_mpi.o:metro_mpi.cpp:(.text+0x0): first defined here
/usr/bin/ld: mpi-lib-mul.o:(.bss+0x20): multiple definition of `mpi_all_type_req'; metro_mpi.o:(.bss+0x20): first defined here
/usr/bin/ld: mpi-lib-mul.o:(.data.rel+0x10): multiple definition of `types_all_req'; metro_mpi.o:(.data.rel+0x10): first defined here
/usr/bin/ld: mpi-lib-mul.o:(.bss+0x10): multiple definition of `offsets_all_req'; metro_mpi.o:(.bss+0x10): first defined here
/usr/bin/ld: mpi-lib-mul.o:(.data+0x10): multiple definition of `blocklengths_all_req'; metro_mpi.o:(.data+0x8): first defined here
/usr/bin/ld: mpi-lib-mul.o:(.bss+0x0): multiple definition of `offsets_all_resp'; metro_mpi.o:(.bss+0x0): first defined here
/usr/bin/ld: mpi-lib-mul.o:(.bss+0x8): multiple definition of `mpi_all_type_resp'; metro_mpi.o:(.bss+0x8): first defined here
/usr/bin/ld: mpi-lib-mul.o:(.data.rel+0x0): multiple definition of `types_all_resp'; metro_mpi.o:(.data.rel+0x0): first defined here
/usr/bin/ld: mpi-lib-mul.o:(.data+0x8): multiple definition of `blocklengths_all_resp'; metro_mpi.o:(.data+0x0): first defined here
/usr/bin/ld: mpi-lib-mul.o: in function `mpi_receive_finish()':
mpi-lib-mul.cpp:(.text+0x90): multiple definition of `mpi_receive_finish()'; metro_mpi.o:metro_mpi.cpp:(.text+0x90): first defined here
/usr/bin/ld: mpi-lib-mul.o: in function `mpi_send_finish(unsigned short, int)':
mpi-lib-mul.cpp:(.text+0xe2): multiple definition of `mpi_send_finish(unsigned short, int)'; metro_mpi.o:metro_mpi.cpp:(.text+0xe2): first defined here
/usr/bin/ld: mpi-lib-mul.o: in function `mpi_send_request(mpi_struct_req, int, int, int)':
mpi-lib-mul.cpp:(.text+0x10f): multiple definition of `mpi_send_request(mpi_struct_req, int, int, int)'; metro_mpi.o:metro_mpi.cpp:(.text+0x10f): first defined here
/usr/bin/ld: mpi-lib-mul.o: in function `mpi_receive_request(int, int)':
mpi-lib-mul.cpp:(.text+0x13e): multiple definition of `mpi_receive_request(int, int)'; metro_mpi.o:metro_mpi.cpp:(.text+0x13e): first defined here
/usr/bin/ld: mpi-lib-mul.o: in function `mpi_send_response(mpi_struct_resp, int, int, int)':
mpi-lib-mul.cpp:(.text+0x19f): multiple definition of `mpi_send_response(mpi_struct_resp, int, int, int)'; metro_mpi.o:metro_mpi.cpp:(.text+0x19f): first defined here
/usr/bin/ld: mpi-lib-mul.o: in function `mpi_receive_response(int, int)':
mpi-lib-mul.cpp:(.text+0x1cf): multiple definition of `mpi_receive_response(int, int)'; metro_mpi.o:metro_mpi.cpp:(.text+0x1cf): first defined here
/usr/bin/ld: mpi-lib-mul.o: in function `getRank()':
mpi-lib-mul.cpp:(.text+0x22d): multiple definition of `getRank()'; metro_mpi.o:metro_mpi.cpp:(.text+0x22d): first defined here
/usr/bin/ld: mpi-lib-mul.o: in function `getSize()':
mpi-lib-mul.cpp:(.text+0x270): multiple definition of `getSize()'; metro_mpi.o:metro_mpi.cpp:(.text+0x270): first defined here
/usr/bin/ld: mpi-lib-mul.o: in function `finalize()':
mpi-lib-mul.cpp:(.text+0x2b3): multiple definition of `finalize()'; metro_mpi.o:metro_mpi.cpp:(.text+0x2b3): first defined here
/usr/bin/ld: mpi-lib-mul.o:(.data+0x4): multiple definition of `req_flag'; mpi-dpi-sim.o:(.data+0x4): first defined here
/usr/bin/ld: mpi-lib-mul.o:(.data+0x0): multiple definition of `resp_flag'; mpi-dpi-sim.o:(.data+0x0): first defined here
/usr/bin/ld: mpi-lib-mul.o: in function `main':
mpi-lib-mul.cpp:(.text.startup+0x0): multiple definition of `main'; mpi-dpi-sim.o:mpi-dpi-sim.cpp:(.text.startup+0x0): first defined here
/usr/bin/ld: Vcalculator__ALL.a(Vcalculator__ALL.o): in function `Vcalculator___024root____Vdpiimwrap_calculator__DOT__dpi_multiplier_eval_TOP(unsigned long&)':
Vcalculator__ALL.cpp:(.text+0xb5): undefined reference to `dpi_multiplier_eval'
/usr/bin/ld: Vcalculator__ALL.a(Vcalculator__ALL.o): in function `Vcalculator___024root____Vdpiimwrap_calculator__DOT__dpi_multiplier_init_TOP()':
Vcalculator__ALL.cpp:(.text+0x91): undefined reference to `dpi_multiplier_init'
/usr/bin/ld: Vcalculator__ALL.a(Vcalculator__ALL.o): in function `Vcalculator___024root____Vdpiimwrap_calculator__DOT__dpi_multiplier_send_TOP(unsigned long, unsigned long)':
Vcalculator__ALL.cpp:(.text+0xa1): undefined reference to `dpi_multiplier_send'
/usr/bin/ld: metro_mpi.o: in function `initialize()':
metro_mpi.cpp:(.text+0x6): undefined reference to `MPI_Init'
/usr/bin/ld: metro_mpi.cpp:(.text+0x4d): undefined reference to `MPI_Type_create_struct'
/usr/bin/ld: metro_mpi.cpp:(.text+0x59): undefined reference to `MPI_Type_commit'
/usr/bin/ld: metro_mpi.cpp:(.text+0x7f): undefined reference to `MPI_Type_create_struct'
/usr/bin/ld: metro_mpi.o: in function `mpi_receive_finish()':
metro_mpi.cpp:(.text+0x97): undefined reference to `ompi_mpi_comm_world'
/usr/bin/ld: metro_mpi.cpp:(.text+0xba): undefined reference to `ompi_mpi_unsigned_short'
/usr/bin/ld: metro_mpi.cpp:(.text+0xbf): undefined reference to `MPI_Bcast'
/usr/bin/ld: metro_mpi.o: in function `mpi_send_finish(unsigned short, int)':
metro_mpi.cpp:(.text+0xeb): undefined reference to `ompi_mpi_comm_world'
/usr/bin/ld: metro_mpi.cpp:(.text+0xfc): undefined reference to `ompi_mpi_unsigned_short'
/usr/bin/ld: metro_mpi.cpp:(.text+0x106): undefined reference to `MPI_Bcast'
/usr/bin/ld: metro_mpi.o: in function `mpi_send_request(mpi_struct_req, int, int, int)':
metro_mpi.cpp:(.text+0x11f): undefined reference to `ompi_mpi_comm_world'
/usr/bin/ld: metro_mpi.cpp:(.text+0x135): undefined reference to `MPI_Send'
/usr/bin/ld: metro_mpi.o: in function `mpi_receive_request(int, int)':
metro_mpi.cpp:(.text+0x169): undefined reference to `ompi_mpi_comm_world'
/usr/bin/ld: metro_mpi.cpp:(.text+0x175): undefined reference to `MPI_Recv'
/usr/bin/ld: metro_mpi.o: in function `mpi_send_response(mpi_struct_resp, int, int, int)':
metro_mpi.cpp:(.text+0x1c1): undefined reference to `ompi_mpi_comm_world'
/usr/bin/ld: metro_mpi.cpp:(.text+0x1c6): undefined reference to `MPI_Send'
/usr/bin/ld: metro_mpi.o: in function `mpi_receive_response(int, int)':
metro_mpi.cpp:(.text+0x1fc): undefined reference to `ompi_mpi_comm_world'
/usr/bin/ld: metro_mpi.cpp:(.text+0x208): undefined reference to `MPI_Recv'
/usr/bin/ld: metro_mpi.o: in function `getRank()':
metro_mpi.cpp:(.text+0x234): undefined reference to `ompi_mpi_comm_world'
/usr/bin/ld: metro_mpi.cpp:(.text+0x24e): undefined reference to `MPI_Comm_rank'
/usr/bin/ld: metro_mpi.o: in function `getSize()':
metro_mpi.cpp:(.text+0x277): undefined reference to `ompi_mpi_comm_world'
/usr/bin/ld: metro_mpi.cpp:(.text+0x291): undefined reference to `MPI_Comm_size'
/usr/bin/ld: metro_mpi.o: in function `initialize()':
metro_mpi.cpp:(.text+0x8c): undefined reference to `MPI_Type_commit'
/usr/bin/ld: metro_mpi.o: in function `finalize()':
metro_mpi.cpp:(.text+0x2b4): undefined reference to `MPI_Finalize'
/usr/bin/ld: metro_mpi.o:(.data.rel+0x0): undefined reference to `ompi_mpi_unsigned_long_long'
/usr/bin/ld: metro_mpi.o:(.data.rel+0x10): undefined reference to `ompi_mpi_unsigned_long_long'
/usr/bin/ld: metro_mpi.o:(.data.rel+0x18): undefined reference to `ompi_mpi_unsigned_long_long'
/usr/bin/ld: mpi-dpi-sim.o: in function `initialize()':
mpi-dpi-sim.cpp:(.text+0x6): undefined reference to `MPI_Init'
/usr/bin/ld: mpi-dpi-sim.cpp:(.text+0x4d): undefined reference to `MPI_Type_create_struct'
/usr/bin/ld: mpi-dpi-sim.cpp:(.text+0x59): undefined reference to `MPI_Type_commit'
/usr/bin/ld: mpi-dpi-sim.cpp:(.text+0x7f): undefined reference to `MPI_Type_create_struct'
/usr/bin/ld: mpi-dpi-sim.o: in function `mpi_receive_finish()':
mpi-dpi-sim.cpp:(.text+0x97): undefined reference to `ompi_mpi_comm_world'
/usr/bin/ld: mpi-dpi-sim.cpp:(.text+0xba): undefined reference to `ompi_mpi_unsigned_short'
/usr/bin/ld: mpi-dpi-sim.cpp:(.text+0xbf): undefined reference to `MPI_Bcast'
/usr/bin/ld: mpi-dpi-sim.o: in function `mpi_send_finish(unsigned short, int)':
mpi-dpi-sim.cpp:(.text+0xeb): undefined reference to `ompi_mpi_comm_world'
/usr/bin/ld: mpi-dpi-sim.cpp:(.text+0xfc): undefined reference to `ompi_mpi_unsigned_short'
/usr/bin/ld: mpi-dpi-sim.cpp:(.text+0x106): undefined reference to `MPI_Bcast'
/usr/bin/ld: mpi-dpi-sim.o: in function `mpi_send_request(mpi_struct_req, int, int, int)':
mpi-dpi-sim.cpp:(.text+0x11f): undefined reference to `ompi_mpi_comm_world'
/usr/bin/ld: mpi-dpi-sim.cpp:(.text+0x135): undefined reference to `MPI_Send'
/usr/bin/ld: mpi-dpi-sim.o: in function `mpi_receive_request(int, int)':
mpi-dpi-sim.cpp:(.text+0x169): undefined reference to `ompi_mpi_comm_world'
/usr/bin/ld: mpi-dpi-sim.cpp:(.text+0x175): undefined reference to `MPI_Recv'
/usr/bin/ld: mpi-dpi-sim.o: in function `mpi_send_response(mpi_struct_resp, int, int, int)':
mpi-dpi-sim.cpp:(.text+0x1c1): undefined reference to `ompi_mpi_comm_world'
/usr/bin/ld: mpi-dpi-sim.cpp:(.text+0x1c6): undefined reference to `MPI_Send'
/usr/bin/ld: mpi-dpi-sim.o: in function `mpi_receive_response(int, int)':
mpi-dpi-sim.cpp:(.text+0x1fc): undefined reference to `ompi_mpi_comm_world'
/usr/bin/ld: mpi-dpi-sim.cpp:(.text+0x208): undefined reference to `MPI_Recv'
/usr/bin/ld: mpi-dpi-sim.o: in function `getRank()':
mpi-dpi-sim.cpp:(.text+0x234): undefined reference to `ompi_mpi_comm_world'
/usr/bin/ld: mpi-dpi-sim.cpp:(.text+0x24e): undefined reference to `MPI_Comm_rank'
/usr/bin/ld: mpi-dpi-sim.o: in function `getSize()':
mpi-dpi-sim.cpp:(.text+0x277): undefined reference to `ompi_mpi_comm_world'
/usr/bin/ld: mpi-dpi-sim.cpp:(.text+0x291): undefined reference to `MPI_Comm_size'
/usr/bin/ld: mpi-dpi-sim.o: in function `initialize()':
mpi-dpi-sim.cpp:(.text+0x8c): undefined reference to `MPI_Type_commit'
/usr/bin/ld: mpi-dpi-sim.o: in function `finalize()':
mpi-dpi-sim.cpp:(.text+0x2b4): undefined reference to `MPI_Finalize'
/usr/bin/ld: mpi-dpi-sim.o: in function `main':
mpi-dpi-sim.cpp:(.text.startup+0x144): undefined reference to `MPI_Finalize'
/usr/bin/ld: mpi-dpi-sim.o:(.data.rel+0x0): undefined reference to `ompi_mpi_unsigned_long_long'
/usr/bin/ld: mpi-dpi-sim.o:(.data.rel+0x10): undefined reference to `ompi_mpi_unsigned_long_long'
/usr/bin/ld: mpi-dpi-sim.o:(.data.rel+0x18): undefined reference to `ompi_mpi_unsigned_long_long'
/usr/bin/ld: mpi-lib-mul.o: in function `initialize()':
mpi-lib-mul.cpp:(.text+0x6): undefined reference to `MPI_Init'
/usr/bin/ld: mpi-lib-mul.cpp:(.text+0x4d): undefined reference to `MPI_Type_create_struct'
/usr/bin/ld: mpi-lib-mul.cpp:(.text+0x59): undefined reference to `MPI_Type_commit'
/usr/bin/ld: mpi-lib-mul.cpp:(.text+0x7f): undefined reference to `MPI_Type_create_struct'
/usr/bin/ld: mpi-lib-mul.o: in function `mpi_receive_finish()':
mpi-lib-mul.cpp:(.text+0x97): undefined reference to `ompi_mpi_comm_world'
/usr/bin/ld: mpi-lib-mul.cpp:(.text+0xba): undefined reference to `ompi_mpi_unsigned_short'
/usr/bin/ld: mpi-lib-mul.cpp:(.text+0xbf): undefined reference to `MPI_Bcast'
/usr/bin/ld: mpi-lib-mul.o: in function `mpi_send_finish(unsigned short, int)':
mpi-lib-mul.cpp:(.text+0xeb): undefined reference to `ompi_mpi_comm_world'
/usr/bin/ld: mpi-lib-mul.cpp:(.text+0xfc): undefined reference to `ompi_mpi_unsigned_short'
/usr/bin/ld: mpi-lib-mul.cpp:(.text+0x106): undefined reference to `MPI_Bcast'
/usr/bin/ld: mpi-lib-mul.o: in function `mpi_send_request(mpi_struct_req, int, int, int)':
mpi-lib-mul.cpp:(.text+0x11f): undefined reference to `ompi_mpi_comm_world'
/usr/bin/ld: mpi-lib-mul.cpp:(.text+0x135): undefined reference to `MPI_Send'
/usr/bin/ld: mpi-lib-mul.o: in function `mpi_receive_request(int, int)':
mpi-lib-mul.cpp:(.text+0x169): undefined reference to `ompi_mpi_comm_world'
/usr/bin/ld: mpi-lib-mul.cpp:(.text+0x175): undefined reference to `MPI_Recv'
/usr/bin/ld: mpi-lib-mul.o: in function `mpi_send_response(mpi_struct_resp, int, int, int)':
mpi-lib-mul.cpp:(.text+0x1c1): undefined reference to `ompi_mpi_comm_world'
/usr/bin/ld: mpi-lib-mul.cpp:(.text+0x1c6): undefined reference to `MPI_Send'
/usr/bin/ld: mpi-lib-mul.o: in function `mpi_receive_response(int, int)':
mpi-lib-mul.cpp:(.text+0x1fc): undefined reference to `ompi_mpi_comm_world'
/usr/bin/ld: mpi-lib-mul.cpp:(.text+0x208): undefined reference to `MPI_Recv'
/usr/bin/ld: mpi-lib-mul.o: in function `getRank()':
mpi-lib-mul.cpp:(.text+0x234): undefined reference to `ompi_mpi_comm_world'
/usr/bin/ld: mpi-lib-mul.cpp:(.text+0x24e): undefined reference to `MPI_Comm_rank'
/usr/bin/ld: mpi-lib-mul.o: in function `getSize()':
mpi-lib-mul.cpp:(.text+0x277): undefined reference to `ompi_mpi_comm_world'
/usr/bin/ld: mpi-lib-mul.cpp:(.text+0x291): undefined reference to `MPI_Comm_size'
/usr/bin/ld: mpi-lib-mul.o: in function `initialize()':
mpi-lib-mul.cpp:(.text+0x8c): undefined reference to `MPI_Type_commit'
/usr/bin/ld: mpi-lib-mul.o: in function `finalize()':
mpi-lib-mul.cpp:(.text+0x2b4): undefined reference to `MPI_Finalize'
/usr/bin/ld: mpi-lib-mul.o:(.data.rel+0x0): undefined reference to `ompi_mpi_unsigned_long_long'
/usr/bin/ld: mpi-lib-mul.o:(.data.rel+0x10): undefined reference to `ompi_mpi_unsigned_long_long'
/usr/bin/ld: mpi-lib-mul.o:(.data.rel+0x18): undefined reference to `ompi_mpi_unsigned_long_long'
collect2: error: ld returned 1 exit status
make[1]: *** [Vcalculator.mk:75: Vcalculator] Error 1
rm Vcalculator__ALL.verilator_deplist.tmp
make[1]: Leaving directory '/home/riscv_sec/metro-mpi/temp/dpi-mpi/obj_dir'
