make[1]: Entering directory '/home/kislay/Music/temp/DPI-MPI/multiplier_lib_mpi'
Cleaning build files...
[H[2J[3J== == == 1. Verilating design with top module 'multiplier' for .a files...
verilator -Wall -cc *.v --top-module multiplier --Mdir obj_dir_mul --Wno-fatal
MetroMPI 1. Going for verilate function: verilate(argString) in verilator.cpp(main)
MetroMPI 2. Going for process function: process() in verilator.cpp(verilate)
metro_mpi() at 211 in verilator.cpp
- V e r i l a t i o n   R e p o r t: Verilator 5.036 2025-04-27 rev v5.036-2-g9876d27ad
- Verilator: Built from 0.064 MB sources in 6 modules, into 0.027 MB in 8 C++ files needing 0.000 MB
- Verilator: Walltime 0.054 s (elab=0.016, cvt=0.008, bld=0.000); cpu 0.007 s on 1 threads; alloced 20.406 MB
== == ==  2. Making the library_for_lib_include...
make -C obj_dir_mul -f Vmultiplier.mk
make[2]: Entering directory '/home/kislay/Music/temp/DPI-MPI/multiplier_lib_mpi/obj_dir_mul'
python3 /usr/local/share/verilator/bin/verilator_includer -DVL_INCLUDE_OPT=include Vmultiplier.cpp Vmultiplier___024root__DepSet_hc5ac10e5__0.cpp Vmultiplier___024root__DepSet_h52acf237__0.cpp Vmultiplier__Dpi.cpp Vmultiplier___024root__Slow.cpp Vmultiplier___024root__DepSet_hc5ac10e5__0__Slow.cpp Vmultiplier___024root__DepSet_h52acf237__0__Slow.cpp Vmultiplier__Syms.cpp > Vmultiplier__ALL.cpp
ccache g++ -Os  -I.  -MMD -I/usr/local/share/verilator/include -I/usr/local/share/verilator/include/vltstd -DVM_COVERAGE=0 -DVM_SC=0 -DVM_TIMING=0 -DVM_TRACE=0 -DVM_TRACE_FST=0 -DVM_TRACE_VCD=0 -DVM_TRACE_SAIF=0 -faligned-new -fcf-protection=none -Wno-bool-operation -Wno-shadow -Wno-sign-compare -Wno-subobject-linkage -Wno-tautological-compare -Wno-uninitialized -Wno-unused-but-set-parameter -Wno-unused-but-set-variable -Wno-unused-parameter -Wno-unused-variable      -c -o Vmultiplier__ALL.o Vmultiplier__ALL.cpp
echo "" > libVmultiplier.verilator_deplist.tmp
ccache g++ -Os  -I.  -MMD -I/usr/local/share/verilator/include -I/usr/local/share/verilator/include/vltstd -DVM_COVERAGE=0 -DVM_SC=0 -DVM_TIMING=0 -DVM_TRACE=0 -DVM_TRACE_FST=0 -DVM_TRACE_VCD=0 -DVM_TRACE_SAIF=0 -faligned-new -fcf-protection=none -Wno-bool-operation -Wno-shadow -Wno-sign-compare -Wno-subobject-linkage -Wno-tautological-compare -Wno-uninitialized -Wno-unused-but-set-parameter -Wno-unused-but-set-variable -Wno-unused-parameter -Wno-unused-variable      -c -o verilated.o /usr/local/share/verilator/include/verilated.cpp
ccache g++ -Os  -I.  -MMD -I/usr/local/share/verilator/include -I/usr/local/share/verilator/include/vltstd -DVM_COVERAGE=0 -DVM_SC=0 -DVM_TIMING=0 -DVM_TRACE=0 -DVM_TRACE_FST=0 -DVM_TRACE_VCD=0 -DVM_TRACE_SAIF=0 -faligned-new -fcf-protection=none -Wno-bool-operation -Wno-shadow -Wno-sign-compare -Wno-subobject-linkage -Wno-tautological-compare -Wno-uninitialized -Wno-unused-but-set-parameter -Wno-unused-but-set-variable -Wno-unused-parameter -Wno-unused-variable      -c -o verilated_dpi.o /usr/local/share/verilator/include/verilated_dpi.cpp
ccache g++ -Os  -I.  -MMD -I/usr/local/share/verilator/include -I/usr/local/share/verilator/include/vltstd -DVM_COVERAGE=0 -DVM_SC=0 -DVM_TIMING=0 -DVM_TRACE=0 -DVM_TRACE_FST=0 -DVM_TRACE_VCD=0 -DVM_TRACE_SAIF=0 -faligned-new -fcf-protection=none -Wno-bool-operation -Wno-shadow -Wno-sign-compare -Wno-subobject-linkage -Wno-tautological-compare -Wno-uninitialized -Wno-unused-but-set-parameter -Wno-unused-but-set-variable -Wno-unused-parameter -Wno-unused-variable      -c -o verilated_threads.o /usr/local/share/verilator/include/verilated_threads.cpp
echo "" > libverilated.verilator_deplist.tmp
echo "" > Vmultiplier__ALL.verilator_deplist.tmp
rm libVmultiplier.verilator_deplist.tmp libverilated.verilator_deplist.tmp Vmultiplier__ALL.verilator_deplist.tmp
make[2]: Leaving directory '/home/kislay/Music/temp/DPI-MPI/multiplier_lib_mpi/obj_dir_mul'
== == == 3. Copying mpi-lib-mul.cpp file...
== == == 4. Elaborating with MPI...
verilator -cc multiplier.v   \
	--exe mpi-lib-mul.cpp \
	--Mdir obj_dir_mul \
	--top-module multiplier \
	--Wno-fatal --timing 
MetroMPI 1. Going for verilate function: verilate(argString) in verilator.cpp(main)
MetroMPI 2. Going for process function: process() in verilator.cpp(verilate)
metro_mpi() at 211 in verilator.cpp
- V e r i l a t i o n   R e p o r t: Verilator 5.036 2025-04-27 rev v5.036-2-g9876d27ad
- Verilator: Built from 0.024 MB sources in 2 modules, into 0.025 MB in 7 C++ files needing 0.000 MB
- Verilator: Walltime 0.067 s (elab=0.018, cvt=0.006, bld=0.000); cpu 0.007 s on 1 threads; alloced 20.406 MB
== == == 5. Making the library...
make CXX=mpic++ LINK=mpic++ -C obj_dir_mul -f Vmultiplier.mk Vmultiplier
make[2]: Entering directory '/home/kislay/Music/temp/DPI-MPI/multiplier_lib_mpi/obj_dir_mul'
ccache mpic++  -I.  -MMD -I/usr/local/share/verilator/include -I/usr/local/share/verilator/include/vltstd -DVM_COVERAGE=0 -DVM_SC=0 -DVM_TIMING=0 -DVM_TRACE=0 -DVM_TRACE_FST=0 -DVM_TRACE_VCD=0 -DVM_TRACE_SAIF=0 -faligned-new -fcf-protection=none -Wno-bool-operation -Wno-shadow -Wno-sign-compare -Wno-subobject-linkage -Wno-tautological-compare -Wno-uninitialized -Wno-unused-but-set-parameter -Wno-unused-but-set-variable -Wno-unused-parameter -Wno-unused-variable      -Os  -c -o mpi-lib-mul.o ../mpi-lib-mul.cpp
ccache mpic++ -Os  -I.  -MMD -I/usr/local/share/verilator/include -I/usr/local/share/verilator/include/vltstd -DVM_COVERAGE=0 -DVM_SC=0 -DVM_TIMING=0 -DVM_TRACE=0 -DVM_TRACE_FST=0 -DVM_TRACE_VCD=0 -DVM_TRACE_SAIF=0 -faligned-new -fcf-protection=none -Wno-bool-operation -Wno-shadow -Wno-sign-compare -Wno-subobject-linkage -Wno-tautological-compare -Wno-uninitialized -Wno-unused-but-set-parameter -Wno-unused-but-set-variable -Wno-unused-parameter -Wno-unused-variable      -c -o verilated.o /usr/local/share/verilator/include/verilated.cpp
ccache mpic++ -Os  -I.  -MMD -I/usr/local/share/verilator/include -I/usr/local/share/verilator/include/vltstd -DVM_COVERAGE=0 -DVM_SC=0 -DVM_TIMING=0 -DVM_TRACE=0 -DVM_TRACE_FST=0 -DVM_TRACE_VCD=0 -DVM_TRACE_SAIF=0 -faligned-new -fcf-protection=none -Wno-bool-operation -Wno-shadow -Wno-sign-compare -Wno-subobject-linkage -Wno-tautological-compare -Wno-uninitialized -Wno-unused-but-set-parameter -Wno-unused-but-set-variable -Wno-unused-parameter -Wno-unused-variable      -c -o verilated_threads.o /usr/local/share/verilator/include/verilated_threads.cpp
python3 /usr/local/share/verilator/bin/verilator_includer -DVL_INCLUDE_OPT=include Vmultiplier.cpp Vmultiplier___024root__DepSet_hc5ac10e5__0.cpp Vmultiplier___024root__DepSet_h52acf237__0.cpp Vmultiplier___024root__Slow.cpp Vmultiplier___024root__DepSet_hc5ac10e5__0__Slow.cpp Vmultiplier___024root__DepSet_h52acf237__0__Slow.cpp Vmultiplier__Syms.cpp > Vmultiplier__ALL.cpp
ccache mpic++ -Os  -I.  -MMD -I/usr/local/share/verilator/include -I/usr/local/share/verilator/include/vltstd -DVM_COVERAGE=0 -DVM_SC=0 -DVM_TIMING=0 -DVM_TRACE=0 -DVM_TRACE_FST=0 -DVM_TRACE_VCD=0 -DVM_TRACE_SAIF=0 -faligned-new -fcf-protection=none -Wno-bool-operation -Wno-shadow -Wno-sign-compare -Wno-subobject-linkage -Wno-tautological-compare -Wno-uninitialized -Wno-unused-but-set-parameter -Wno-unused-but-set-variable -Wno-unused-parameter -Wno-unused-variable      -c -o Vmultiplier__ALL.o Vmultiplier__ALL.cpp
echo "" > Vmultiplier__ALL.verilator_deplist.tmp
mpic++    mpi-lib-mul.o verilated.o verilated_threads.o Vmultiplier__ALL.a    -pthread -lpthread -latomic   -o Vmultiplier
rm Vmultiplier__ALL.verilator_deplist.tmp
make[2]: Leaving directory '/home/kislay/Music/temp/DPI-MPI/multiplier_lib_mpi/obj_dir_mul'
Copying obj_dir_mul folder...
make[1]: Leaving directory '/home/kislay/Music/temp/DPI-MPI/multiplier_lib_mpi'
