make[1]: Entering directory '/home/kislay/Music/temp/DPI-MPI-Iter2'
Cleaning up...
[H[2J[3J== == == 1. Elaborating with MPI-DPI...
verilator -cc adder.v  calculator.v  divider.v  multiplier.v  subtractor.v \
	--exe mpi-dpi-sim.cpp metro_mpi.cpp \
	--Mdir obj_dir \
	--top-module calculator \
	-CFLAGS "-O2 -Wall" \
	-LDFLAGS "-lstdc++" \
	--Wno-fatal --timing
MetroMPI 1. Going for verilate function: verilate(argString) in verilator.cpp(main)
MetroMPI 2. Going for process function: process() in verilator.cpp(verilate)
metro_mpi() at 211 in verilator.cpp
%Warning-WIDTHEXPAND: subtractor.v:26:9: Operator TASKREF 'dpi_subtractor' expects 32 bits on the Function Argument, but Function Argument's VARREF 'start' generates 1 bits.
                                       : ... note: In instance 'calculator.u_sub'
   26 |         dpi_subtractor(a,b,start, ack_in_add, ack_in_mul, ack_in_div, add_working, mul_working, div_working, ack_to_add, ack_to_mul, ack_to_div, working, result);
      |         ^~~~~~~~~~~~~~
                      ... For warning description see https://verilator.org/warn/WIDTHEXPAND?v=5.036
                      ... Use "/* verilator lint_off WIDTHEXPAND */" and lint_on around source to disable this message.
%Warning-WIDTHEXPAND: subtractor.v:26:9: Operator TASKREF 'dpi_subtractor' expects 32 bits on the Function Argument, but Function Argument's VARREF 'ack_in_add' generates 1 bits.
                                       : ... note: In instance 'calculator.u_sub'
   26 |         dpi_subtractor(a,b,start, ack_in_add, ack_in_mul, ack_in_div, add_working, mul_working, div_working, ack_to_add, ack_to_mul, ack_to_div, working, result);
      |         ^~~~~~~~~~~~~~
%Warning-WIDTHEXPAND: subtractor.v:26:9: Operator TASKREF 'dpi_subtractor' expects 32 bits on the Function Argument, but Function Argument's VARREF 'ack_in_mul' generates 1 bits.
                                       : ... note: In instance 'calculator.u_sub'
   26 |         dpi_subtractor(a,b,start, ack_in_add, ack_in_mul, ack_in_div, add_working, mul_working, div_working, ack_to_add, ack_to_mul, ack_to_div, working, result);
      |         ^~~~~~~~~~~~~~
%Warning-WIDTHEXPAND: subtractor.v:26:9: Operator TASKREF 'dpi_subtractor' expects 32 bits on the Function Argument, but Function Argument's VARREF 'ack_in_div' generates 1 bits.
                                       : ... note: In instance 'calculator.u_sub'
   26 |         dpi_subtractor(a,b,start, ack_in_add, ack_in_mul, ack_in_div, add_working, mul_working, div_working, ack_to_add, ack_to_mul, ack_to_div, working, result);
      |         ^~~~~~~~~~~~~~
%Warning-WIDTHEXPAND: subtractor.v:26:9: Operator TASKREF 'dpi_subtractor' expects 32 bits on the Function Argument, but Function Argument's VARREF 'add_working' generates 1 bits.
                                       : ... note: In instance 'calculator.u_sub'
   26 |         dpi_subtractor(a,b,start, ack_in_add, ack_in_mul, ack_in_div, add_working, mul_working, div_working, ack_to_add, ack_to_mul, ack_to_div, working, result);
      |         ^~~~~~~~~~~~~~
%Warning-WIDTHEXPAND: subtractor.v:26:9: Operator TASKREF 'dpi_subtractor' expects 32 bits on the Function Argument, but Function Argument's VARREF 'mul_working' generates 1 bits.
                                       : ... note: In instance 'calculator.u_sub'
   26 |         dpi_subtractor(a,b,start, ack_in_add, ack_in_mul, ack_in_div, add_working, mul_working, div_working, ack_to_add, ack_to_mul, ack_to_div, working, result);
      |         ^~~~~~~~~~~~~~
%Warning-WIDTHEXPAND: subtractor.v:26:9: Operator TASKREF 'dpi_subtractor' expects 32 bits on the Function Argument, but Function Argument's VARREF 'div_working' generates 1 bits.
                                       : ... note: In instance 'calculator.u_sub'
   26 |         dpi_subtractor(a,b,start, ack_in_add, ack_in_mul, ack_in_div, add_working, mul_working, div_working, ack_to_add, ack_to_mul, ack_to_div, working, result);
      |         ^~~~~~~~~~~~~~
%Warning-WIDTHEXPAND: subtractor.v:26:110: Function output argument 'ack_to_add' requires 32 bits, but connection's VARREF 'ack_to_add' generates 1 bits.
                                         : ... note: In instance 'calculator.u_sub'
   26 |         dpi_subtractor(a,b,start, ack_in_add, ack_in_mul, ack_in_div, add_working, mul_working, div_working, ack_to_add, ack_to_mul, ack_to_div, working, result);
      |                                                                                                              ^~~~~~~~~~
%Warning-WIDTHEXPAND: subtractor.v:26:9: Operator TASKREF 'dpi_subtractor' expects 32 bits on the Function Argument, but Function Argument's VARREF 'ack_to_add' generates 1 bits.
                                       : ... note: In instance 'calculator.u_sub'
   26 |         dpi_subtractor(a,b,start, ack_in_add, ack_in_mul, ack_in_div, add_working, mul_working, div_working, ack_to_add, ack_to_mul, ack_to_div, working, result);
      |         ^~~~~~~~~~~~~~
%Warning-WIDTHEXPAND: subtractor.v:26:122: Function output argument 'ack_to_mul' requires 32 bits, but connection's VARREF 'ack_to_mul' generates 1 bits.
                                         : ... note: In instance 'calculator.u_sub'
   26 |         dpi_subtractor(a,b,start, ack_in_add, ack_in_mul, ack_in_div, add_working, mul_working, div_working, ack_to_add, ack_to_mul, ack_to_div, working, result);
      |                                                                                                                          ^~~~~~~~~~
%Warning-WIDTHEXPAND: subtractor.v:26:9: Operator TASKREF 'dpi_subtractor' expects 32 bits on the Function Argument, but Function Argument's VARREF 'ack_to_mul' generates 1 bits.
                                       : ... note: In instance 'calculator.u_sub'
   26 |         dpi_subtractor(a,b,start, ack_in_add, ack_in_mul, ack_in_div, add_working, mul_working, div_working, ack_to_add, ack_to_mul, ack_to_div, working, result);
      |         ^~~~~~~~~~~~~~
%Warning-WIDTHEXPAND: subtractor.v:26:134: Function output argument 'ack_to_div' requires 32 bits, but connection's VARREF 'ack_to_div' generates 1 bits.
                                         : ... note: In instance 'calculator.u_sub'
   26 |         dpi_subtractor(a,b,start, ack_in_add, ack_in_mul, ack_in_div, add_working, mul_working, div_working, ack_to_add, ack_to_mul, ack_to_div, working, result);
      |                                                                                                                                      ^~~~~~~~~~
%Warning-WIDTHEXPAND: subtractor.v:26:9: Operator TASKREF 'dpi_subtractor' expects 32 bits on the Function Argument, but Function Argument's VARREF 'ack_to_div' generates 1 bits.
                                       : ... note: In instance 'calculator.u_sub'
   26 |         dpi_subtractor(a,b,start, ack_in_add, ack_in_mul, ack_in_div, add_working, mul_working, div_working, ack_to_add, ack_to_mul, ack_to_div, working, result);
      |         ^~~~~~~~~~~~~~
%Warning-WIDTHEXPAND: subtractor.v:26:146: Function output argument 'working' requires 32 bits, but connection's VARREF 'working' generates 1 bits.
                                         : ... note: In instance 'calculator.u_sub'
   26 |         dpi_subtractor(a,b,start, ack_in_add, ack_in_mul, ack_in_div, add_working, mul_working, div_working, ack_to_add, ack_to_mul, ack_to_div, working, result);
      |                                                                                                                                                  ^~~~~~~
%Warning-WIDTHEXPAND: subtractor.v:26:9: Operator TASKREF 'dpi_subtractor' expects 32 bits on the Function Argument, but Function Argument's VARREF 'working' generates 1 bits.
                                       : ... note: In instance 'calculator.u_sub'
   26 |         dpi_subtractor(a,b,start, ack_in_add, ack_in_mul, ack_in_div, add_working, mul_working, div_working, ack_to_add, ack_to_mul, ack_to_div, working, result);
      |         ^~~~~~~~~~~~~~
%Warning-WIDTHEXPAND: multiplier.v:24:9: Operator TASKREF 'dpi_multiplier' expects 32 bits on the Function Argument, but Function Argument's VARREF 'start' generates 1 bits.
                                       : ... note: In instance 'calculator.u_mul'
   24 |         dpi_multiplier(a,b,start, ack_in_add, ack_in_sub, ack_in_div, add_working, sub_working, div_working, ack_to_add, ack_to_sub, ack_to_div, working, result);
      |         ^~~~~~~~~~~~~~
%Warning-WIDTHEXPAND: multiplier.v:24:9: Operator TASKREF 'dpi_multiplier' expects 32 bits on the Function Argument, but Function Argument's VARREF 'ack_in_add' generates 1 bits.
                                       : ... note: In instance 'calculator.u_mul'
   24 |         dpi_multiplier(a,b,start, ack_in_add, ack_in_sub, ack_in_div, add_working, sub_working, div_working, ack_to_add, ack_to_sub, ack_to_div, working, result);
      |         ^~~~~~~~~~~~~~
%Warning-WIDTHEXPAND: multiplier.v:24:9: Operator TASKREF 'dpi_multiplier' expects 32 bits on the Function Argument, but Function Argument's VARREF 'ack_in_sub' generates 1 bits.
                                       : ... note: In instance 'calculator.u_mul'
   24 |         dpi_multiplier(a,b,start, ack_in_add, ack_in_sub, ack_in_div, add_working, sub_working, div_working, ack_to_add, ack_to_sub, ack_to_div, working, result);
      |         ^~~~~~~~~~~~~~
%Warning-WIDTHEXPAND: multiplier.v:24:9: Operator TASKREF 'dpi_multiplier' expects 32 bits on the Function Argument, but Function Argument's VARREF 'ack_in_div' generates 1 bits.
                                       : ... note: In instance 'calculator.u_mul'
   24 |         dpi_multiplier(a,b,start, ack_in_add, ack_in_sub, ack_in_div, add_working, sub_working, div_working, ack_to_add, ack_to_sub, ack_to_div, working, result);
      |         ^~~~~~~~~~~~~~
%Warning-WIDTHEXPAND: multiplier.v:24:9: Operator TASKREF 'dpi_multiplier' expects 32 bits on the Function Argument, but Function Argument's VARREF 'add_working' generates 1 bits.
                                       : ... note: In instance 'calculator.u_mul'
   24 |         dpi_multiplier(a,b,start, ack_in_add, ack_in_sub, ack_in_div, add_working, sub_working, div_working, ack_to_add, ack_to_sub, ack_to_div, working, result);
      |         ^~~~~~~~~~~~~~
%Warning-WIDTHEXPAND: multiplier.v:24:9: Operator TASKREF 'dpi_multiplier' expects 32 bits on the Function Argument, but Function Argument's VARREF 'sub_working' generates 1 bits.
                                       : ... note: In instance 'calculator.u_mul'
   24 |         dpi_multiplier(a,b,start, ack_in_add, ack_in_sub, ack_in_div, add_working, sub_working, div_working, ack_to_add, ack_to_sub, ack_to_div, working, result);
      |         ^~~~~~~~~~~~~~
%Warning-WIDTHEXPAND: multiplier.v:24:9: Operator TASKREF 'dpi_multiplier' expects 32 bits on the Function Argument, but Function Argument's VARREF 'div_working' generates 1 bits.
                                       : ... note: In instance 'calculator.u_mul'
   24 |         dpi_multiplier(a,b,start, ack_in_add, ack_in_sub, ack_in_div, add_working, sub_working, div_working, ack_to_add, ack_to_sub, ack_to_div, working, result);
      |         ^~~~~~~~~~~~~~
%Warning-WIDTHEXPAND: multiplier.v:24:110: Function output argument 'ack_to_add' requires 32 bits, but connection's VARREF 'ack_to_add' generates 1 bits.
                                         : ... note: In instance 'calculator.u_mul'
   24 |         dpi_multiplier(a,b,start, ack_in_add, ack_in_sub, ack_in_div, add_working, sub_working, div_working, ack_to_add, ack_to_sub, ack_to_div, working, result);
      |                                                                                                              ^~~~~~~~~~
%Warning-WIDTHEXPAND: multiplier.v:24:9: Operator TASKREF 'dpi_multiplier' expects 32 bits on the Function Argument, but Function Argument's VARREF 'ack_to_add' generates 1 bits.
                                       : ... note: In instance 'calculator.u_mul'
   24 |         dpi_multiplier(a,b,start, ack_in_add, ack_in_sub, ack_in_div, add_working, sub_working, div_working, ack_to_add, ack_to_sub, ack_to_div, working, result);
      |         ^~~~~~~~~~~~~~
%Warning-WIDTHEXPAND: multiplier.v:24:122: Function output argument 'ack_to_sub' requires 32 bits, but connection's VARREF 'ack_to_sub' generates 1 bits.
                                         : ... note: In instance 'calculator.u_mul'
   24 |         dpi_multiplier(a,b,start, ack_in_add, ack_in_sub, ack_in_div, add_working, sub_working, div_working, ack_to_add, ack_to_sub, ack_to_div, working, result);
      |                                                                                                                          ^~~~~~~~~~
%Warning-WIDTHEXPAND: multiplier.v:24:9: Operator TASKREF 'dpi_multiplier' expects 32 bits on the Function Argument, but Function Argument's VARREF 'ack_to_sub' generates 1 bits.
                                       : ... note: In instance 'calculator.u_mul'
   24 |         dpi_multiplier(a,b,start, ack_in_add, ack_in_sub, ack_in_div, add_working, sub_working, div_working, ack_to_add, ack_to_sub, ack_to_div, working, result);
      |         ^~~~~~~~~~~~~~
%Warning-WIDTHEXPAND: multiplier.v:24:134: Function output argument 'ack_to_div' requires 32 bits, but connection's VARREF 'ack_to_div' generates 1 bits.
                                         : ... note: In instance 'calculator.u_mul'
   24 |         dpi_multiplier(a,b,start, ack_in_add, ack_in_sub, ack_in_div, add_working, sub_working, div_working, ack_to_add, ack_to_sub, ack_to_div, working, result);
      |                                                                                                                                      ^~~~~~~~~~
%Warning-WIDTHEXPAND: multiplier.v:24:9: Operator TASKREF 'dpi_multiplier' expects 32 bits on the Function Argument, but Function Argument's VARREF 'ack_to_div' generates 1 bits.
                                       : ... note: In instance 'calculator.u_mul'
   24 |         dpi_multiplier(a,b,start, ack_in_add, ack_in_sub, ack_in_div, add_working, sub_working, div_working, ack_to_add, ack_to_sub, ack_to_div, working, result);
      |         ^~~~~~~~~~~~~~
%Warning-WIDTHEXPAND: multiplier.v:24:146: Function output argument 'working' requires 32 bits, but connection's VARREF 'working' generates 1 bits.
                                         : ... note: In instance 'calculator.u_mul'
   24 |         dpi_multiplier(a,b,start, ack_in_add, ack_in_sub, ack_in_div, add_working, sub_working, div_working, ack_to_add, ack_to_sub, ack_to_div, working, result);
      |                                                                                                                                                  ^~~~~~~
%Warning-WIDTHEXPAND: multiplier.v:24:9: Operator TASKREF 'dpi_multiplier' expects 32 bits on the Function Argument, but Function Argument's VARREF 'working' generates 1 bits.
                                       : ... note: In instance 'calculator.u_mul'
   24 |         dpi_multiplier(a,b,start, ack_in_add, ack_in_sub, ack_in_div, add_working, sub_working, div_working, ack_to_add, ack_to_sub, ack_to_div, working, result);
      |         ^~~~~~~~~~~~~~
%Warning-WIDTHEXPAND: divider.v:24:9: Operator TASKREF 'dpi_divider' expects 32 bits on the Function Argument, but Function Argument's VARREF 'start' generates 1 bits.
                                    : ... note: In instance 'calculator.u_div'
   24 |         dpi_divider(a,b,start, ack_in_add, ack_in_sub, ack_in_mul, add_working, sub_working, mul_working, ack_to_add, ack_to_sub, ack_to_mul, working, result);
      |         ^~~~~~~~~~~
%Warning-WIDTHEXPAND: divider.v:24:9: Operator TASKREF 'dpi_divider' expects 32 bits on the Function Argument, but Function Argument's VARREF 'ack_in_add' generates 1 bits.
                                    : ... note: In instance 'calculator.u_div'
   24 |         dpi_divider(a,b,start, ack_in_add, ack_in_sub, ack_in_mul, add_working, sub_working, mul_working, ack_to_add, ack_to_sub, ack_to_mul, working, result);
      |         ^~~~~~~~~~~
%Warning-WIDTHEXPAND: divider.v:24:9: Operator TASKREF 'dpi_divider' expects 32 bits on the Function Argument, but Function Argument's VARREF 'ack_in_sub' generates 1 bits.
                                    : ... note: In instance 'calculator.u_div'
   24 |         dpi_divider(a,b,start, ack_in_add, ack_in_sub, ack_in_mul, add_working, sub_working, mul_working, ack_to_add, ack_to_sub, ack_to_mul, working, result);
      |         ^~~~~~~~~~~
%Warning-WIDTHEXPAND: divider.v:24:9: Operator TASKREF 'dpi_divider' expects 32 bits on the Function Argument, but Function Argument's VARREF 'ack_in_mul' generates 1 bits.
                                    : ... note: In instance 'calculator.u_div'
   24 |         dpi_divider(a,b,start, ack_in_add, ack_in_sub, ack_in_mul, add_working, sub_working, mul_working, ack_to_add, ack_to_sub, ack_to_mul, working, result);
      |         ^~~~~~~~~~~
%Warning-WIDTHEXPAND: divider.v:24:9: Operator TASKREF 'dpi_divider' expects 32 bits on the Function Argument, but Function Argument's VARREF 'add_working' generates 1 bits.
                                    : ... note: In instance 'calculator.u_div'
   24 |         dpi_divider(a,b,start, ack_in_add, ack_in_sub, ack_in_mul, add_working, sub_working, mul_working, ack_to_add, ack_to_sub, ack_to_mul, working, result);
      |         ^~~~~~~~~~~
%Warning-WIDTHEXPAND: divider.v:24:9: Operator TASKREF 'dpi_divider' expects 32 bits on the Function Argument, but Function Argument's VARREF 'sub_working' generates 1 bits.
                                    : ... note: In instance 'calculator.u_div'
   24 |         dpi_divider(a,b,start, ack_in_add, ack_in_sub, ack_in_mul, add_working, sub_working, mul_working, ack_to_add, ack_to_sub, ack_to_mul, working, result);
      |         ^~~~~~~~~~~
%Warning-WIDTHEXPAND: divider.v:24:9: Operator TASKREF 'dpi_divider' expects 32 bits on the Function Argument, but Function Argument's VARREF 'mul_working' generates 1 bits.
                                    : ... note: In instance 'calculator.u_div'
   24 |         dpi_divider(a,b,start, ack_in_add, ack_in_sub, ack_in_mul, add_working, sub_working, mul_working, ack_to_add, ack_to_sub, ack_to_mul, working, result);
      |         ^~~~~~~~~~~
%Warning-WIDTHEXPAND: divider.v:24:107: Function output argument 'ack_to_add' requires 32 bits, but connection's VARREF 'ack_to_add' generates 1 bits.
                                      : ... note: In instance 'calculator.u_div'
   24 |         dpi_divider(a,b,start, ack_in_add, ack_in_sub, ack_in_mul, add_working, sub_working, mul_working, ack_to_add, ack_to_sub, ack_to_mul, working, result);
      |                                                                                                           ^~~~~~~~~~
%Warning-WIDTHEXPAND: divider.v:24:9: Operator TASKREF 'dpi_divider' expects 32 bits on the Function Argument, but Function Argument's VARREF 'ack_to_add' generates 1 bits.
                                    : ... note: In instance 'calculator.u_div'
   24 |         dpi_divider(a,b,start, ack_in_add, ack_in_sub, ack_in_mul, add_working, sub_working, mul_working, ack_to_add, ack_to_sub, ack_to_mul, working, result);
      |         ^~~~~~~~~~~
%Warning-WIDTHEXPAND: divider.v:24:119: Function output argument 'ack_to_sub' requires 32 bits, but connection's VARREF 'ack_to_sub' generates 1 bits.
                                      : ... note: In instance 'calculator.u_div'
   24 |         dpi_divider(a,b,start, ack_in_add, ack_in_sub, ack_in_mul, add_working, sub_working, mul_working, ack_to_add, ack_to_sub, ack_to_mul, working, result);
      |                                                                                                                       ^~~~~~~~~~
%Warning-WIDTHEXPAND: divider.v:24:9: Operator TASKREF 'dpi_divider' expects 32 bits on the Function Argument, but Function Argument's VARREF 'ack_to_sub' generates 1 bits.
                                    : ... note: In instance 'calculator.u_div'
   24 |         dpi_divider(a,b,start, ack_in_add, ack_in_sub, ack_in_mul, add_working, sub_working, mul_working, ack_to_add, ack_to_sub, ack_to_mul, working, result);
      |         ^~~~~~~~~~~
%Warning-WIDTHEXPAND: divider.v:24:131: Function output argument 'ack_to_mul' requires 32 bits, but connection's VARREF 'ack_to_mul' generates 1 bits.
                                      : ... note: In instance 'calculator.u_div'
   24 |         dpi_divider(a,b,start, ack_in_add, ack_in_sub, ack_in_mul, add_working, sub_working, mul_working, ack_to_add, ack_to_sub, ack_to_mul, working, result);
      |                                                                                                                                   ^~~~~~~~~~
%Warning-WIDTHEXPAND: divider.v:24:9: Operator TASKREF 'dpi_divider' expects 32 bits on the Function Argument, but Function Argument's VARREF 'ack_to_mul' generates 1 bits.
                                    : ... note: In instance 'calculator.u_div'
   24 |         dpi_divider(a,b,start, ack_in_add, ack_in_sub, ack_in_mul, add_working, sub_working, mul_working, ack_to_add, ack_to_sub, ack_to_mul, working, result);
      |         ^~~~~~~~~~~
%Warning-WIDTHEXPAND: divider.v:24:143: Function output argument 'working' requires 32 bits, but connection's VARREF 'working' generates 1 bits.
                                      : ... note: In instance 'calculator.u_div'
   24 |         dpi_divider(a,b,start, ack_in_add, ack_in_sub, ack_in_mul, add_working, sub_working, mul_working, ack_to_add, ack_to_sub, ack_to_mul, working, result);
      |                                                                                                                                               ^~~~~~~
%Warning-WIDTHEXPAND: divider.v:24:9: Operator TASKREF 'dpi_divider' expects 32 bits on the Function Argument, but Function Argument's VARREF 'working' generates 1 bits.
                                    : ... note: In instance 'calculator.u_div'
   24 |         dpi_divider(a,b,start, ack_in_add, ack_in_sub, ack_in_mul, add_working, sub_working, mul_working, ack_to_add, ack_to_sub, ack_to_mul, working, result);
      |         ^~~~~~~~~~~
%Warning-WIDTHEXPAND: adder.v:26:9: Operator TASKREF 'dpi_adder' expects 32 bits on the Function Argument, but Function Argument's VARREF 'start' generates 1 bits.
                                  : ... note: In instance 'calculator.u_add'
   26 |         dpi_adder(a,b,start, ack_in_mul, ack_in_sub, ack_in_div, mul_working, sub_working, div_working, ack_to_mul, ack_to_sub, ack_to_div, working, result);
      |         ^~~~~~~~~
%Warning-WIDTHEXPAND: adder.v:26:9: Operator TASKREF 'dpi_adder' expects 32 bits on the Function Argument, but Function Argument's VARREF 'ack_in_mul' generates 1 bits.
                                  : ... note: In instance 'calculator.u_add'
   26 |         dpi_adder(a,b,start, ack_in_mul, ack_in_sub, ack_in_div, mul_working, sub_working, div_working, ack_to_mul, ack_to_sub, ack_to_div, working, result);
      |         ^~~~~~~~~
%Warning-WIDTHEXPAND: adder.v:26:9: Operator TASKREF 'dpi_adder' expects 32 bits on the Function Argument, but Function Argument's VARREF 'ack_in_sub' generates 1 bits.
                                  : ... note: In instance 'calculator.u_add'
   26 |         dpi_adder(a,b,start, ack_in_mul, ack_in_sub, ack_in_div, mul_working, sub_working, div_working, ack_to_mul, ack_to_sub, ack_to_div, working, result);
      |         ^~~~~~~~~
%Warning-WIDTHEXPAND: adder.v:26:9: Operator TASKREF 'dpi_adder' expects 32 bits on the Function Argument, but Function Argument's VARREF 'ack_in_div' generates 1 bits.
                                  : ... note: In instance 'calculator.u_add'
   26 |         dpi_adder(a,b,start, ack_in_mul, ack_in_sub, ack_in_div, mul_working, sub_working, div_working, ack_to_mul, ack_to_sub, ack_to_div, working, result);
      |         ^~~~~~~~~
%Warning-WIDTHEXPAND: adder.v:26:9: Operator TASKREF 'dpi_adder' expects 32 bits on the Function Argument, but Function Argument's VARREF 'mul_working' generates 1 bits.
                                  : ... note: In instance 'calculator.u_add'
   26 |         dpi_adder(a,b,start, ack_in_mul, ack_in_sub, ack_in_div, mul_working, sub_working, div_working, ack_to_mul, ack_to_sub, ack_to_div, working, result);
      |         ^~~~~~~~~
%Warning-WIDTHEXPAND: adder.v:26:9: Operator TASKREF 'dpi_adder' expects 32 bits on the Function Argument, but Function Argument's VARREF 'sub_working' generates 1 bits.
                                  : ... note: In instance 'calculator.u_add'
   26 |         dpi_adder(a,b,start, ack_in_mul, ack_in_sub, ack_in_div, mul_working, sub_working, div_working, ack_to_mul, ack_to_sub, ack_to_div, working, result);
      |         ^~~~~~~~~
%Warning-WIDTHEXPAND: adder.v:26:9: Operator TASKREF 'dpi_adder' expects 32 bits on the Function Argument, but Function Argument's VARREF 'div_working' generates 1 bits.
                                  : ... note: In instance 'calculator.u_add'
   26 |         dpi_adder(a,b,start, ack_in_mul, ack_in_sub, ack_in_div, mul_working, sub_working, div_working, ack_to_mul, ack_to_sub, ack_to_div, working, result);
      |         ^~~~~~~~~
%Warning-WIDTHEXPAND: adder.v:26:105: Function output argument 'ack_to_mul' requires 32 bits, but connection's VARREF 'ack_to_mul' generates 1 bits.
                                    : ... note: In instance 'calculator.u_add'
   26 |         dpi_adder(a,b,start, ack_in_mul, ack_in_sub, ack_in_div, mul_working, sub_working, div_working, ack_to_mul, ack_to_sub, ack_to_div, working, result);
      |                                                                                                         ^~~~~~~~~~
%Warning-WIDTHEXPAND: adder.v:26:9: Operator TASKREF 'dpi_adder' expects 32 bits on the Function Argument, but Function Argument's VARREF 'ack_to_mul' generates 1 bits.
                                  : ... note: In instance 'calculator.u_add'
   26 |         dpi_adder(a,b,start, ack_in_mul, ack_in_sub, ack_in_div, mul_working, sub_working, div_working, ack_to_mul, ack_to_sub, ack_to_div, working, result);
      |         ^~~~~~~~~
%Warning-WIDTHEXPAND: adder.v:26:117: Function output argument 'ack_to_sub' requires 32 bits, but connection's VARREF 'ack_to_sub' generates 1 bits.
                                    : ... note: In instance 'calculator.u_add'
   26 |         dpi_adder(a,b,start, ack_in_mul, ack_in_sub, ack_in_div, mul_working, sub_working, div_working, ack_to_mul, ack_to_sub, ack_to_div, working, result);
      |                                                                                                                     ^~~~~~~~~~
%Warning-WIDTHEXPAND: adder.v:26:9: Operator TASKREF 'dpi_adder' expects 32 bits on the Function Argument, but Function Argument's VARREF 'ack_to_sub' generates 1 bits.
                                  : ... note: In instance 'calculator.u_add'
   26 |         dpi_adder(a,b,start, ack_in_mul, ack_in_sub, ack_in_div, mul_working, sub_working, div_working, ack_to_mul, ack_to_sub, ack_to_div, working, result);
      |         ^~~~~~~~~
%Warning-WIDTHEXPAND: adder.v:26:129: Function output argument 'ack_to_div' requires 32 bits, but connection's VARREF 'ack_to_div' generates 1 bits.
                                    : ... note: In instance 'calculator.u_add'
   26 |         dpi_adder(a,b,start, ack_in_mul, ack_in_sub, ack_in_div, mul_working, sub_working, div_working, ack_to_mul, ack_to_sub, ack_to_div, working, result);
      |                                                                                                                                 ^~~~~~~~~~
%Warning-WIDTHEXPAND: adder.v:26:9: Operator TASKREF 'dpi_adder' expects 32 bits on the Function Argument, but Function Argument's VARREF 'ack_to_div' generates 1 bits.
                                  : ... note: In instance 'calculator.u_add'
   26 |         dpi_adder(a,b,start, ack_in_mul, ack_in_sub, ack_in_div, mul_working, sub_working, div_working, ack_to_mul, ack_to_sub, ack_to_div, working, result);
      |         ^~~~~~~~~
%Warning-WIDTHEXPAND: adder.v:26:141: Function output argument 'working' requires 32 bits, but connection's VARREF 'working' generates 1 bits.
                                    : ... note: In instance 'calculator.u_add'
   26 |         dpi_adder(a,b,start, ack_in_mul, ack_in_sub, ack_in_div, mul_working, sub_working, div_working, ack_to_mul, ack_to_sub, ack_to_div, working, result);
      |                                                                                                                                             ^~~~~~~
%Warning-WIDTHEXPAND: adder.v:26:9: Operator TASKREF 'dpi_adder' expects 32 bits on the Function Argument, but Function Argument's VARREF 'working' generates 1 bits.
                                  : ... note: In instance 'calculator.u_add'
   26 |         dpi_adder(a,b,start, ack_in_mul, ack_in_sub, ack_in_div, mul_working, sub_working, div_working, ack_to_mul, ack_to_sub, ack_to_div, working, result);
      |         ^~~~~~~~~
%Warning-UNOPTFLAT: calculator.v:16:28: Signal unoptimizable: Circular combinational logic: 'calculator.add_ack_from_mul'
   16 |     wire add_ack_from_sub, add_ack_from_mul, add_ack_from_div;
      |                            ^~~~~~~~~~~~~~~~
                    ... For warning description see https://verilator.org/warn/UNOPTFLAT?v=5.036
                    ... Use "/* verilator lint_off UNOPTFLAT */" and lint_on around source to disable this message.
                    calculator.v:16:28:      Example path: calculator.add_ack_from_mul
                    adder.v:25:5:      Example path: ALWAYS
                    calculator.v:18:10:      Example path: calculator.mul_ack_from_add
                    multiplier.v:23:5:      Example path: ALWAYS
                    calculator.v:16:28:      Example path: calculator.add_ack_from_mul
%Warning-UNOPTFLAT: calculator.v:16:10: Signal unoptimizable: Circular combinational logic: 'calculator.add_ack_from_sub'
   16 |     wire add_ack_from_sub, add_ack_from_mul, add_ack_from_div;
      |          ^~~~~~~~~~~~~~~~
                    calculator.v:16:10:      Example path: calculator.add_ack_from_sub
                    adder.v:25:5:      Example path: ALWAYS
                    calculator.v:18:10:      Example path: calculator.mul_ack_from_add
                    multiplier.v:23:5:      Example path: ALWAYS
                    calculator.v:16:28:      Example path: calculator.add_ack_from_mul
                    adder.v:25:5:      Example path: ALWAYS
%Warning-UNOPTFLAT: calculator.v:16:46: Signal unoptimizable: Circular combinational logic: 'calculator.add_ack_from_div'
   16 |     wire add_ack_from_sub, add_ack_from_mul, add_ack_from_div;
      |                                              ^~~~~~~~~~~~~~~~
                    calculator.v:16:46:      Example path: calculator.add_ack_from_div
                    adder.v:25:5:      Example path: ALWAYS
                    calculator.v:18:10:      Example path: calculator.mul_ack_from_add
                    multiplier.v:23:5:      Example path: ALWAYS
                    calculator.v:16:28:      Example path: calculator.add_ack_from_mul
                    adder.v:25:5:      Example path: ALWAYS
%Warning-UNOPTFLAT: calculator.v:13:36: Signal unoptimizable: Circular combinational logic: 'calculator.mul_working'
   13 |     wire add_working, sub_working, mul_working, div_working;
      |                                    ^~~~~~~~~~~
                    calculator.v:13:36:      Example path: calculator.mul_working
                    adder.v:25:5:      Example path: ALWAYS
                    calculator.v:18:10:      Example path: calculator.mul_ack_from_add
                    multiplier.v:23:5:      Example path: ALWAYS
                    calculator.v:16:28:      Example path: calculator.add_ack_from_mul
                    adder.v:25:5:      Example path: ALWAYS
%Warning-UNOPTFLAT: calculator.v:13:23: Signal unoptimizable: Circular combinational logic: 'calculator.sub_working'
   13 |     wire add_working, sub_working, mul_working, div_working;
      |                       ^~~~~~~~~~~
                    calculator.v:13:23:      Example path: calculator.sub_working
                    adder.v:25:5:      Example path: ALWAYS
                    calculator.v:18:10:      Example path: calculator.mul_ack_from_add
                    multiplier.v:23:5:      Example path: ALWAYS
                    calculator.v:16:28:      Example path: calculator.add_ack_from_mul
                    adder.v:25:5:      Example path: ALWAYS
%Warning-UNOPTFLAT: calculator.v:13:49: Signal unoptimizable: Circular combinational logic: 'calculator.div_working'
   13 |     wire add_working, sub_working, mul_working, div_working;
      |                                                 ^~~~~~~~~~~
                    calculator.v:13:49:      Example path: calculator.div_working
                    adder.v:25:5:      Example path: ALWAYS
                    calculator.v:18:10:      Example path: calculator.mul_ack_from_add
                    multiplier.v:23:5:      Example path: ALWAYS
                    calculator.v:16:28:      Example path: calculator.add_ack_from_mul
                    adder.v:25:5:      Example path: ALWAYS
%Warning-UNOPTFLAT: calculator.v:17:28: Signal unoptimizable: Circular combinational logic: 'calculator.sub_ack_from_mul'
   17 |     wire sub_ack_from_add, sub_ack_from_mul, sub_ack_from_div;
      |                            ^~~~~~~~~~~~~~~~
                    calculator.v:17:28:      Example path: calculator.sub_ack_from_mul
                    subtractor.v:25:5:      Example path: ALWAYS
                    calculator.v:16:10:      Example path: calculator.add_ack_from_sub
                    adder.v:25:5:      Example path: ALWAYS
                    calculator.v:18:10:      Example path: calculator.mul_ack_from_add
                    multiplier.v:23:5:      Example path: ALWAYS
                    calculator.v:16:28:      Example path: calculator.add_ack_from_mul
                    adder.v:25:5:      Example path: ALWAYS
%Warning-UNOPTFLAT: calculator.v:17:46: Signal unoptimizable: Circular combinational logic: 'calculator.sub_ack_from_div'
   17 |     wire sub_ack_from_add, sub_ack_from_mul, sub_ack_from_div;
      |                                              ^~~~~~~~~~~~~~~~
                    calculator.v:17:46:      Example path: calculator.sub_ack_from_div
                    subtractor.v:25:5:      Example path: ALWAYS
                    calculator.v:16:10:      Example path: calculator.add_ack_from_sub
                    adder.v:25:5:      Example path: ALWAYS
                    calculator.v:18:10:      Example path: calculator.mul_ack_from_add
                    multiplier.v:23:5:      Example path: ALWAYS
                    calculator.v:16:28:      Example path: calculator.add_ack_from_mul
                    adder.v:25:5:      Example path: ALWAYS
%Warning-UNOPTFLAT: calculator.v:18:46: Signal unoptimizable: Circular combinational logic: 'calculator.mul_ack_from_div'
   18 |     wire mul_ack_from_add, mul_ack_from_sub, mul_ack_from_div;
      |                                              ^~~~~~~~~~~~~~~~
                    calculator.v:18:46:      Example path: calculator.mul_ack_from_div
                    multiplier.v:23:5:      Example path: ALWAYS
                    calculator.v:16:28:      Example path: calculator.add_ack_from_mul
                    adder.v:25:5:      Example path: ALWAYS
                    calculator.v:18:10:      Example path: calculator.mul_ack_from_add
                    multiplier.v:23:5:      Example path: ALWAYS
- V e r i l a t i o n   R e p o r t: Verilator 5.036 2025-04-27 rev v5.036-2-g9876d27ad
- Verilator: Built from 0.089 MB sources in 6 modules, into 0.080 MB in 8 C++ files needing 0.003 MB
- Verilator: Walltime 0.013 s (elab=0.002, cvt=0.006, bld=0.000); cpu 0.013 s on 1 threads; alloced 20.406 MB
== == == 2. Building the simulation binary...
make CXX=mpic++ LINK=mpic++ -C obj_dir -f Vcalculator.mk Vcalculator
make[2]: Entering directory '/home/kislay/Music/temp/DPI-MPI-Iter2/obj_dir'
ccache mpic++  -I.  -MMD -I/usr/local/share/verilator/include -I/usr/local/share/verilator/include/vltstd -DVM_COVERAGE=0 -DVM_SC=0 -DVM_TIMING=0 -DVM_TRACE=0 -DVM_TRACE_FST=0 -DVM_TRACE_VCD=0 -DVM_TRACE_SAIF=0 -faligned-new -fcf-protection=none -Wno-bool-operation -Wno-shadow -Wno-sign-compare -Wno-subobject-linkage -Wno-tautological-compare -Wno-uninitialized -Wno-unused-but-set-parameter -Wno-unused-but-set-variable -Wno-unused-parameter -Wno-unused-variable    -O2 -Wall   -Os  -c -o metro_mpi.o ../metro_mpi.cpp
ccache mpic++  -I.  -MMD -I/usr/local/share/verilator/include -I/usr/local/share/verilator/include/vltstd -DVM_COVERAGE=0 -DVM_SC=0 -DVM_TIMING=0 -DVM_TRACE=0 -DVM_TRACE_FST=0 -DVM_TRACE_VCD=0 -DVM_TRACE_SAIF=0 -faligned-new -fcf-protection=none -Wno-bool-operation -Wno-shadow -Wno-sign-compare -Wno-subobject-linkage -Wno-tautological-compare -Wno-uninitialized -Wno-unused-but-set-parameter -Wno-unused-but-set-variable -Wno-unused-parameter -Wno-unused-variable    -O2 -Wall   -Os  -c -o mpi-dpi-sim.o ../mpi-dpi-sim.cpp
ccache mpic++ -Os  -I.  -MMD -I/usr/local/share/verilator/include -I/usr/local/share/verilator/include/vltstd -DVM_COVERAGE=0 -DVM_SC=0 -DVM_TIMING=0 -DVM_TRACE=0 -DVM_TRACE_FST=0 -DVM_TRACE_VCD=0 -DVM_TRACE_SAIF=0 -faligned-new -fcf-protection=none -Wno-bool-operation -Wno-shadow -Wno-sign-compare -Wno-subobject-linkage -Wno-tautological-compare -Wno-uninitialized -Wno-unused-but-set-parameter -Wno-unused-but-set-variable -Wno-unused-parameter -Wno-unused-variable    -O2 -Wall   -c -o verilated.o /usr/local/share/verilator/include/verilated.cpp
ccache mpic++ -Os  -I.  -MMD -I/usr/local/share/verilator/include -I/usr/local/share/verilator/include/vltstd -DVM_COVERAGE=0 -DVM_SC=0 -DVM_TIMING=0 -DVM_TRACE=0 -DVM_TRACE_FST=0 -DVM_TRACE_VCD=0 -DVM_TRACE_SAIF=0 -faligned-new -fcf-protection=none -Wno-bool-operation -Wno-shadow -Wno-sign-compare -Wno-subobject-linkage -Wno-tautological-compare -Wno-uninitialized -Wno-unused-but-set-parameter -Wno-unused-but-set-variable -Wno-unused-parameter -Wno-unused-variable    -O2 -Wall   -c -o verilated_dpi.o /usr/local/share/verilator/include/verilated_dpi.cpp
ccache mpic++ -Os  -I.  -MMD -I/usr/local/share/verilator/include -I/usr/local/share/verilator/include/vltstd -DVM_COVERAGE=0 -DVM_SC=0 -DVM_TIMING=0 -DVM_TRACE=0 -DVM_TRACE_FST=0 -DVM_TRACE_VCD=0 -DVM_TRACE_SAIF=0 -faligned-new -fcf-protection=none -Wno-bool-operation -Wno-shadow -Wno-sign-compare -Wno-subobject-linkage -Wno-tautological-compare -Wno-uninitialized -Wno-unused-but-set-parameter -Wno-unused-but-set-variable -Wno-unused-parameter -Wno-unused-variable    -O2 -Wall   -c -o verilated_threads.o /usr/local/share/verilator/include/verilated_threads.cpp
python3 /usr/local/share/verilator/bin/verilator_includer -DVL_INCLUDE_OPT=include Vcalculator.cpp Vcalculator___024root__DepSet_he109b094__0.cpp Vcalculator___024root__DepSet_h4f6ef6e6__0.cpp Vcalculator__Dpi.cpp Vcalculator___024root__Slow.cpp Vcalculator___024root__DepSet_he109b094__0__Slow.cpp Vcalculator___024root__DepSet_h4f6ef6e6__0__Slow.cpp Vcalculator__Syms.cpp > Vcalculator__ALL.cpp
ccache mpic++ -Os  -I.  -MMD -I/usr/local/share/verilator/include -I/usr/local/share/verilator/include/vltstd -DVM_COVERAGE=0 -DVM_SC=0 -DVM_TIMING=0 -DVM_TRACE=0 -DVM_TRACE_FST=0 -DVM_TRACE_VCD=0 -DVM_TRACE_SAIF=0 -faligned-new -fcf-protection=none -Wno-bool-operation -Wno-shadow -Wno-sign-compare -Wno-subobject-linkage -Wno-tautological-compare -Wno-uninitialized -Wno-unused-but-set-parameter -Wno-unused-but-set-variable -Wno-unused-parameter -Wno-unused-variable    -O2 -Wall   -c -o Vcalculator__ALL.o Vcalculator__ALL.cpp
echo "" > Vcalculator__ALL.verilator_deplist.tmp
mpic++    metro_mpi.o mpi-dpi-sim.o verilated.o verilated_dpi.o verilated_threads.o Vcalculator__ALL.a   -lstdc++  -pthread -lpthread -latomic   -o Vcalculator
rm Vcalculator__ALL.verilator_deplist.tmp
make[2]: Leaving directory '/home/kislay/Music/temp/DPI-MPI-Iter2/obj_dir'
== == == 3. Running simulation...
[mpiexec@kislay] Sending Ctrl-C to processes as requested
[mpiexec@kislay] Press Ctrl-C again to force abort
make[1]: *** [Makefile:79: simulate_mpi] Error 2
