make[1]: Entering directory '/home/kislay/Music/temp/DPI-MPI-Iter2/adder_lib_mpi'
Cleaning build files...
[H[2J[3J== == == 1. Verilating design with top module 'adder' for .a files...
verilator -Wall -cc *.v --top-module adder --Mdir obj_dir_add --Wno-fatal
MetroMPI 1. Going for verilate function: verilate(argString) in verilator.cpp(main)
MetroMPI 2. Going for process function: process() in verilator.cpp(verilate)
metro_mpi() at 211 in verilator.cpp
- V e r i l a t i o n   R e p o r t: Verilator 5.036 2025-04-27 rev v5.036-2-g9876d27ad
- Verilator: Built from 0.034 MB sources in 6 modules, into 0.028 MB in 8 C++ files needing 0.000 MB
- Verilator: Walltime 0.008 s (elab=0.000, cvt=0.004, bld=0.000); cpu 0.008 s on 1 threads; alloced 20.402 MB
== == ==  2. Making the library_for_lib_include...
make -C obj_dir_add -f Vadder.mk
make[2]: Entering directory '/home/kislay/Music/temp/DPI-MPI-Iter2/adder_lib_mpi/obj_dir_add'
python3 /usr/local/share/verilator/bin/verilator_includer -DVL_INCLUDE_OPT=include Vadder.cpp Vadder___024root__DepSet_h92c160b8__0.cpp Vadder___024root__DepSet_h3b1f4fa3__0.cpp Vadder__Dpi.cpp Vadder___024root__Slow.cpp Vadder___024root__DepSet_h92c160b8__0__Slow.cpp Vadder___024root__DepSet_h3b1f4fa3__0__Slow.cpp Vadder__Syms.cpp > Vadder__ALL.cpp
ccache g++ -Os  -I.  -MMD -I/usr/local/share/verilator/include -I/usr/local/share/verilator/include/vltstd -DVM_COVERAGE=0 -DVM_SC=0 -DVM_TIMING=0 -DVM_TRACE=0 -DVM_TRACE_FST=0 -DVM_TRACE_VCD=0 -DVM_TRACE_SAIF=0 -faligned-new -fcf-protection=none -Wno-bool-operation -Wno-shadow -Wno-sign-compare -Wno-subobject-linkage -Wno-tautological-compare -Wno-uninitialized -Wno-unused-but-set-parameter -Wno-unused-but-set-variable -Wno-unused-parameter -Wno-unused-variable      -c -o Vadder__ALL.o Vadder__ALL.cpp
echo "" > libVadder.verilator_deplist.tmp
ccache g++ -Os  -I.  -MMD -I/usr/local/share/verilator/include -I/usr/local/share/verilator/include/vltstd -DVM_COVERAGE=0 -DVM_SC=0 -DVM_TIMING=0 -DVM_TRACE=0 -DVM_TRACE_FST=0 -DVM_TRACE_VCD=0 -DVM_TRACE_SAIF=0 -faligned-new -fcf-protection=none -Wno-bool-operation -Wno-shadow -Wno-sign-compare -Wno-subobject-linkage -Wno-tautological-compare -Wno-uninitialized -Wno-unused-but-set-parameter -Wno-unused-but-set-variable -Wno-unused-parameter -Wno-unused-variable      -c -o verilated.o /usr/local/share/verilator/include/verilated.cpp
ccache g++ -Os  -I.  -MMD -I/usr/local/share/verilator/include -I/usr/local/share/verilator/include/vltstd -DVM_COVERAGE=0 -DVM_SC=0 -DVM_TIMING=0 -DVM_TRACE=0 -DVM_TRACE_FST=0 -DVM_TRACE_VCD=0 -DVM_TRACE_SAIF=0 -faligned-new -fcf-protection=none -Wno-bool-operation -Wno-shadow -Wno-sign-compare -Wno-subobject-linkage -Wno-tautological-compare -Wno-uninitialized -Wno-unused-but-set-parameter -Wno-unused-but-set-variable -Wno-unused-parameter -Wno-unused-variable      -c -o verilated_dpi.o /usr/local/share/verilator/include/verilated_dpi.cpp
ccache g++ -Os  -I.  -MMD -I/usr/local/share/verilator/include -I/usr/local/share/verilator/include/vltstd -DVM_COVERAGE=0 -DVM_SC=0 -DVM_TIMING=0 -DVM_TRACE=0 -DVM_TRACE_FST=0 -DVM_TRACE_VCD=0 -DVM_TRACE_SAIF=0 -faligned-new -fcf-protection=none -Wno-bool-operation -Wno-shadow -Wno-sign-compare -Wno-subobject-linkage -Wno-tautological-compare -Wno-uninitialized -Wno-unused-but-set-parameter -Wno-unused-but-set-variable -Wno-unused-parameter -Wno-unused-variable      -c -o verilated_threads.o /usr/local/share/verilator/include/verilated_threads.cpp
echo "" > libverilated.verilator_deplist.tmp
echo "" > Vadder__ALL.verilator_deplist.tmp
rm libverilated.verilator_deplist.tmp Vadder__ALL.verilator_deplist.tmp libVadder.verilator_deplist.tmp
make[2]: Leaving directory '/home/kislay/Music/temp/DPI-MPI-Iter2/adder_lib_mpi/obj_dir_add'
== == == 3. Copying mpi-lib-add.cpp file...
== == == 4. Elaborating with MPI...
verilator -cc adder.v   \
	--exe mpi-lib-add.cpp \
	--Mdir obj_dir_add \
	--top-module adder \
	--Wno-fatal --timing 
MetroMPI 1. Going for verilate function: verilate(argString) in verilator.cpp(main)
MetroMPI 2. Going for process function: process() in verilator.cpp(verilate)
metro_mpi() at 211 in verilator.cpp
- V e r i l a t i o n   R e p o r t: Verilator 5.036 2025-04-27 rev v5.036-2-g9876d27ad
- Verilator: Built from 0.025 MB sources in 2 modules, into 0.027 MB in 7 C++ files needing 0.000 MB
- Verilator: Walltime 0.007 s (elab=0.000, cvt=0.003, bld=0.000); cpu 0.007 s on 1 threads; alloced 20.402 MB
== == == 5. Making the library...
make CXX=mpic++ LINK=mpic++ -C obj_dir_add -f Vadder.mk Vadder
make[2]: Entering directory '/home/kislay/Music/temp/DPI-MPI-Iter2/adder_lib_mpi/obj_dir_add'
ccache mpic++  -I.  -MMD -I/usr/local/share/verilator/include -I/usr/local/share/verilator/include/vltstd -DVM_COVERAGE=0 -DVM_SC=0 -DVM_TIMING=0 -DVM_TRACE=0 -DVM_TRACE_FST=0 -DVM_TRACE_VCD=0 -DVM_TRACE_SAIF=0 -faligned-new -fcf-protection=none -Wno-bool-operation -Wno-shadow -Wno-sign-compare -Wno-subobject-linkage -Wno-tautological-compare -Wno-uninitialized -Wno-unused-but-set-parameter -Wno-unused-but-set-variable -Wno-unused-parameter -Wno-unused-variable      -Os  -c -o mpi-lib-add.o ../mpi-lib-add.cpp
ccache mpic++ -Os  -I.  -MMD -I/usr/local/share/verilator/include -I/usr/local/share/verilator/include/vltstd -DVM_COVERAGE=0 -DVM_SC=0 -DVM_TIMING=0 -DVM_TRACE=0 -DVM_TRACE_FST=0 -DVM_TRACE_VCD=0 -DVM_TRACE_SAIF=0 -faligned-new -fcf-protection=none -Wno-bool-operation -Wno-shadow -Wno-sign-compare -Wno-subobject-linkage -Wno-tautological-compare -Wno-uninitialized -Wno-unused-but-set-parameter -Wno-unused-but-set-variable -Wno-unused-parameter -Wno-unused-variable      -c -o verilated.o /usr/local/share/verilator/include/verilated.cpp
ccache mpic++ -Os  -I.  -MMD -I/usr/local/share/verilator/include -I/usr/local/share/verilator/include/vltstd -DVM_COVERAGE=0 -DVM_SC=0 -DVM_TIMING=0 -DVM_TRACE=0 -DVM_TRACE_FST=0 -DVM_TRACE_VCD=0 -DVM_TRACE_SAIF=0 -faligned-new -fcf-protection=none -Wno-bool-operation -Wno-shadow -Wno-sign-compare -Wno-subobject-linkage -Wno-tautological-compare -Wno-uninitialized -Wno-unused-but-set-parameter -Wno-unused-but-set-variable -Wno-unused-parameter -Wno-unused-variable      -c -o verilated_threads.o /usr/local/share/verilator/include/verilated_threads.cpp
python3 /usr/local/share/verilator/bin/verilator_includer -DVL_INCLUDE_OPT=include Vadder.cpp Vadder___024root__DepSet_h92c160b8__0.cpp Vadder___024root__DepSet_h3b1f4fa3__0.cpp Vadder___024root__Slow.cpp Vadder___024root__DepSet_h92c160b8__0__Slow.cpp Vadder___024root__DepSet_h3b1f4fa3__0__Slow.cpp Vadder__Syms.cpp > Vadder__ALL.cpp
ccache mpic++ -Os  -I.  -MMD -I/usr/local/share/verilator/include -I/usr/local/share/verilator/include/vltstd -DVM_COVERAGE=0 -DVM_SC=0 -DVM_TIMING=0 -DVM_TRACE=0 -DVM_TRACE_FST=0 -DVM_TRACE_VCD=0 -DVM_TRACE_SAIF=0 -faligned-new -fcf-protection=none -Wno-bool-operation -Wno-shadow -Wno-sign-compare -Wno-subobject-linkage -Wno-tautological-compare -Wno-uninitialized -Wno-unused-but-set-parameter -Wno-unused-but-set-variable -Wno-unused-parameter -Wno-unused-variable      -c -o Vadder__ALL.o Vadder__ALL.cpp
echo "" > Vadder__ALL.verilator_deplist.tmp
mpic++    mpi-lib-add.o verilated.o verilated_threads.o Vadder__ALL.a    -pthread -lpthread -latomic   -o Vadder
rm Vadder__ALL.verilator_deplist.tmp
make[2]: Leaving directory '/home/kislay/Music/temp/DPI-MPI-Iter2/adder_lib_mpi/obj_dir_add'
Copying obj_dir_add folder...
make[1]: Leaving directory '/home/kislay/Music/temp/DPI-MPI-Iter2/adder_lib_mpi'
