make[1]: Entering directory '/home/riscv_sec/metro-mpi/temp/DPI-MPI-MESH'
Cleaning up...
[H[2J[3JElaborating with DPI...
verilator -cc alu_tile.v  calculator.v \
	--exe sim.cpp  \
	--Mdir obj_dir \
	--top-module calculator \
	-CFLAGS "-O2 -Wall " \
	-LDFLAGS " -lstdc++" \
	--Wno-fatal --timing
MetroMPI 1. Going for verilate function: verilate(argString) in verilator.cpp(main)
MetroMPI 2. Going for process function: process() in verilator.cpp(verilate)
metro_mpi() at 211 in verilator.cpp
- V e r i l a t i o n   R e p o r t: Verilator 5.036 2025-04-27 rev v5.036-2-g9876d27ad (mod)
- Verilator: Built from 0.036 MB sources in 3 modules, into 0.027 MB in 7 C++ files needing 0.000 MB
- Verilator: Walltime 0.007 s (elab=0.000, cvt=0.003, bld=0.000); cpu 0.007 s on 1 threads; alloced 22.586 MB
Building the simulation binary...
make[2]: Entering directory '/home/riscv_sec/metro-mpi/temp/DPI-MPI-MESH/obj_dir'
g++  -I.  -MMD -I/usr/local/share/verilator/include -I/usr/local/share/verilator/include/vltstd -DVM_COVERAGE=0 -DVM_SC=0 -DVM_TIMING=0 -DVM_TRACE=0 -DVM_TRACE_FST=0 -DVM_TRACE_VCD=0 -DVM_TRACE_SAIF=0 -faligned-new -fcf-protection=none -Wno-bool-operation -Wno-shadow -Wno-sign-compare -Wno-subobject-linkage -Wno-tautological-compare -Wno-uninitialized -Wno-unused-but-set-parameter -Wno-unused-but-set-variable -Wno-unused-parameter -Wno-unused-variable    -O2 -Wall   -Os  -c -o sim.o ../sim.cpp
g++ -Os  -I.  -MMD -I/usr/local/share/verilator/include -I/usr/local/share/verilator/include/vltstd -DVM_COVERAGE=0 -DVM_SC=0 -DVM_TIMING=0 -DVM_TRACE=0 -DVM_TRACE_FST=0 -DVM_TRACE_VCD=0 -DVM_TRACE_SAIF=0 -faligned-new -fcf-protection=none -Wno-bool-operation -Wno-shadow -Wno-sign-compare -Wno-subobject-linkage -Wno-tautological-compare -Wno-uninitialized -Wno-unused-but-set-parameter -Wno-unused-but-set-variable -Wno-unused-parameter -Wno-unused-variable    -O2 -Wall   -c -o verilated.o /usr/local/share/verilator/include/verilated.cpp
g++ -Os  -I.  -MMD -I/usr/local/share/verilator/include -I/usr/local/share/verilator/include/vltstd -DVM_COVERAGE=0 -DVM_SC=0 -DVM_TIMING=0 -DVM_TRACE=0 -DVM_TRACE_FST=0 -DVM_TRACE_VCD=0 -DVM_TRACE_SAIF=0 -faligned-new -fcf-protection=none -Wno-bool-operation -Wno-shadow -Wno-sign-compare -Wno-subobject-linkage -Wno-tautological-compare -Wno-uninitialized -Wno-unused-but-set-parameter -Wno-unused-but-set-variable -Wno-unused-parameter -Wno-unused-variable    -O2 -Wall   -c -o verilated_threads.o /usr/local/share/verilator/include/verilated_threads.cpp
python3 /usr/local/share/verilator/bin/verilator_includer -DVL_INCLUDE_OPT=include Vcalculator.cpp Vcalculator___024root__DepSet_he109b094__0.cpp Vcalculator___024root__DepSet_h4f6ef6e6__0.cpp Vcalculator___024root__Slow.cpp Vcalculator___024root__DepSet_he109b094__0__Slow.cpp Vcalculator___024root__DepSet_h4f6ef6e6__0__Slow.cpp Vcalculator__Syms.cpp > Vcalculator__ALL.cpp
g++ -Os  -I.  -MMD -I/usr/local/share/verilator/include -I/usr/local/share/verilator/include/vltstd -DVM_COVERAGE=0 -DVM_SC=0 -DVM_TIMING=0 -DVM_TRACE=0 -DVM_TRACE_FST=0 -DVM_TRACE_VCD=0 -DVM_TRACE_SAIF=0 -faligned-new -fcf-protection=none -Wno-bool-operation -Wno-shadow -Wno-sign-compare -Wno-subobject-linkage -Wno-tautological-compare -Wno-uninitialized -Wno-unused-but-set-parameter -Wno-unused-but-set-variable -Wno-unused-parameter -Wno-unused-variable    -O2 -Wall   -c -o Vcalculator__ALL.o Vcalculator__ALL.cpp
echo "" > Vcalculator__ALL.verilator_deplist.tmp
g++    sim.o verilated.o verilated_threads.o Vcalculator__ALL.a   -lstdc++  -pthread -lpthread -latomic   -o Vcalculator
rm Vcalculator__ALL.verilator_deplist.tmp
make[2]: Leaving directory '/home/riscv_sec/metro-mpi/temp/DPI-MPI-MESH/obj_dir'
Running simulation...
10 + 5 (Mode 0) -> Result: 15      // add
10 - 5 (Mode 1) -> Result: 5      // sub
10 * 5 (Mode 2) -> Result: 50      // mul
10 / 5 (Mode 3) -> Result: 2      // div
10 % 5 (Mode 4) -> Result: 0      // mod
10 & 5 (Mode 5) -> Result: 0      // and
10 | 5 (Mode 6) -> Result: 15      // or
10 ^ 5 (Mode 7) -> Result: 15      // xor
10 > 5 (Mode 8) -> Result: 1      // a > b
make[1]: Leaving directory '/home/riscv_sec/metro-mpi/temp/DPI-MPI-MESH'
