make[1]: Entering directory '/home/riscv_sec/metro-mpi/temp/DPI-MPI-MESH'
Cleaning up...
[H[2J[3JElaborating with DPI...
verilator -cc alu_tile_noc.v calculator.v intermediate.v terminate.v \
	--exe sim.cpp  \
	--Mdir obj_dir \
	--top-module calculator \
	-CFLAGS "-O2 -Wall " \
	-LDFLAGS " -lstdc++" \
	--Wno-fatal --timing --trace
%Warning-MODDUP: terminate.v:1:8: Duplicate declaration of module: 'calculator'
    1 | module calculator(
      |        ^~~~~~~~~~
                 calculator.v:1:8: ... Location of original declaration
    1 | module calculator(
      |        ^~~~~~~~~~
                 ... For warning description see https://verilator.org/warn/MODDUP?v=5.036
                 ... Use "/* verilator lint_off MODDUP */" and lint_on around source to disable this message.
[DEBUG TRACE] Entering process() function - Call #1
%Warning-WIDTHEXPAND: alu_tile_noc.v:129:9: Operator TASKREF 'dpi_tile' expects 32 bits on the Function Argument, but Function Argument's VARREF 'TILE_X' generates 8 bits.
                                          : ... note: In instance 'calculator.int_con.t2_2'
  129 |         dpi_tile(
      |         ^~~~~~~~
                      ... For warning description see https://verilator.org/warn/WIDTHEXPAND?v=5.036
                      ... Use "/* verilator lint_off WIDTHEXPAND */" and lint_on around source to disable this message.
%Warning-WIDTHEXPAND: alu_tile_noc.v:129:9: Operator TASKREF 'dpi_tile' expects 32 bits on the Function Argument, but Function Argument's VARREF 'TILE_Y' generates 8 bits.
                                          : ... note: In instance 'calculator.int_con.t2_2'
  129 |         dpi_tile(
      |         ^~~~~~~~
%Warning-WIDTHEXPAND: alu_tile_noc.v:129:9: Operator TASKREF 'dpi_tile' expects 32 bits on the Function Argument, but Function Argument's VARREF 'in_ctrl_n' generates 16 bits.
                                          : ... note: In instance 'calculator.int_con.t2_2'
  129 |         dpi_tile(
      |         ^~~~~~~~
%Warning-WIDTHEXPAND: alu_tile_noc.v:129:9: Operator TASKREF 'dpi_tile' expects 32 bits on the Function Argument, but Function Argument's VARREF 'in_ctrl_e' generates 16 bits.
                                          : ... note: In instance 'calculator.int_con.t2_2'
  129 |         dpi_tile(
      |         ^~~~~~~~
%Warning-WIDTHEXPAND: alu_tile_noc.v:129:9: Operator TASKREF 'dpi_tile' expects 32 bits on the Function Argument, but Function Argument's VARREF 'in_ctrl_s' generates 16 bits.
                                          : ... note: In instance 'calculator.int_con.t2_2'
  129 |         dpi_tile(
      |         ^~~~~~~~
%Warning-WIDTHEXPAND: alu_tile_noc.v:129:9: Operator TASKREF 'dpi_tile' expects 32 bits on the Function Argument, but Function Argument's VARREF 'in_ctrl_w' generates 16 bits.
                                          : ... note: In instance 'calculator.int_con.t2_2'
  129 |         dpi_tile(
      |         ^~~~~~~~
%Warning-WIDTHEXPAND: alu_tile_noc.v:129:9: Operator TASKREF 'dpi_tile' expects 32 bits on the Function Argument, but Function Argument's VARREF 'host_in_ctrl' generates 16 bits.
                                          : ... note: In instance 'calculator.int_con.t2_2'
  129 |         dpi_tile(
      |         ^~~~~~~~
%Warning-WIDTHEXPAND: alu_tile_noc.v:160:17: Function output argument 'out_ctrl_n' requires 32 bits, but connection's VARREF 'out_ctrl_n' generates 16 bits.
                                           : ... note: In instance 'calculator.int_con.t2_2'
  160 |                 out_ctrl_n,
      |                 ^~~~~~~~~~
%Warning-WIDTHEXPAND: alu_tile_noc.v:129:9: Operator TASKREF 'dpi_tile' expects 32 bits on the Function Argument, but Function Argument's VARREF 'out_ctrl_n' generates 16 bits.
                                          : ... note: In instance 'calculator.int_con.t2_2'
  129 |         dpi_tile(
      |         ^~~~~~~~
%Warning-WIDTHEXPAND: alu_tile_noc.v:165:17: Function output argument 'out_ctrl_e' requires 32 bits, but connection's VARREF 'out_ctrl_e' generates 16 bits.
                                           : ... note: In instance 'calculator.int_con.t2_2'
  165 |                 out_ctrl_e,
      |                 ^~~~~~~~~~
%Warning-WIDTHEXPAND: alu_tile_noc.v:129:9: Operator TASKREF 'dpi_tile' expects 32 bits on the Function Argument, but Function Argument's VARREF 'out_ctrl_e' generates 16 bits.
                                          : ... note: In instance 'calculator.int_con.t2_2'
  129 |         dpi_tile(
      |         ^~~~~~~~
%Warning-WIDTHEXPAND: alu_tile_noc.v:170:17: Function output argument 'out_ctrl_s' requires 32 bits, but connection's VARREF 'out_ctrl_s' generates 16 bits.
                                           : ... note: In instance 'calculator.int_con.t2_2'
  170 |                 out_ctrl_s,
      |                 ^~~~~~~~~~
%Warning-WIDTHEXPAND: alu_tile_noc.v:129:9: Operator TASKREF 'dpi_tile' expects 32 bits on the Function Argument, but Function Argument's VARREF 'out_ctrl_s' generates 16 bits.
                                          : ... note: In instance 'calculator.int_con.t2_2'
  129 |         dpi_tile(
      |         ^~~~~~~~
%Warning-WIDTHEXPAND: alu_tile_noc.v:175:17: Function output argument 'out_ctrl_w' requires 32 bits, but connection's VARREF 'out_ctrl_w' generates 16 bits.
                                           : ... note: In instance 'calculator.int_con.t2_2'
  175 |                 out_ctrl_w,
      |                 ^~~~~~~~~~
%Warning-WIDTHEXPAND: alu_tile_noc.v:129:9: Operator TASKREF 'dpi_tile' expects 32 bits on the Function Argument, but Function Argument's VARREF 'out_ctrl_w' generates 16 bits.
                                          : ... note: In instance 'calculator.int_con.t2_2'
  129 |         dpi_tile(
      |         ^~~~~~~~
%Warning-WIDTHTRUNC: intermediate.v:445:27: Operator FUNCREF 'make_ctrl' expects 2 bits on the Function Argument, but Function Argument's MODDIV generates 32 or 4 bits.
                                          : ... note: In instance 'calculator.int_con'
  445 |             tmp_ctrl[0] = make_ctrl(1'b0, (mode % 3), (mode / 3), mode);
      |                           ^~~~~~~~~
                     ... For warning description see https://verilator.org/warn/WIDTHTRUNC?v=5.036
                     ... Use "/* verilator lint_off WIDTHTRUNC */" and lint_on around source to disable this message.
%Warning-WIDTHTRUNC: intermediate.v:445:27: Operator FUNCREF 'make_ctrl' expects 2 bits on the Function Argument, but Function Argument's DIV generates 32 or 4 bits.
                                          : ... note: In instance 'calculator.int_con'
  445 |             tmp_ctrl[0] = make_ctrl(1'b0, (mode % 3), (mode / 3), mode);
      |                           ^~~~~~~~~
%Warning-WIDTHEXPAND: intermediate.v:488:33: Operator EQ expects 32 bits on the RHS, but RHS's VARREF 'dx' generates 2 bits.
                                           : ... note: In instance 'calculator.int_con'
  488 |                         if ((tx == dx) && (ty == dy)) begin
      |                                 ^~
%Warning-WIDTHEXPAND: intermediate.v:488:47: Operator EQ expects 32 bits on the RHS, but RHS's VARREF 'dy' generates 2 bits.
                                           : ... note: In instance 'calculator.int_con'
  488 |                         if ((tx == dx) && (ty == dy)) begin
      |                                               ^~
%Warning-LATCH: intermediate.v:414:5: Latch inferred for signal 'calculator.int_con.unnamedblk2.unnamedblk3.unnamedblk4.c' (not all control paths of combinational always assign a value)
                                    : ... Suggest use of always_latch for intentional latches
  414 |     always @(*) begin
      |     ^~~~~~
                ... For warning description see https://verilator.org/warn/LATCH?v=5.036
                ... Use "/* verilator lint_off LATCH */" and lint_on around source to disable this message.
%Warning-LATCH: intermediate.v:414:5: Latch inferred for signal 'calculator.int_con.unnamedblk2.unnamedblk3.unnamedblk4.r' (not all control paths of combinational always assign a value)
                                    : ... Suggest use of always_latch for intentional latches
  414 |     always @(*) begin
      |     ^~~~~~
%Warning-LATCH: intermediate.v:414:5: Latch inferred for signal 'calculator.int_con.unnamedblk2.unnamedblk3.unnamedblk4.dx' (not all control paths of combinational always assign a value)
                                    : ... Suggest use of always_latch for intentional latches
  414 |     always @(*) begin
      |     ^~~~~~
%Warning-LATCH: intermediate.v:414:5: Latch inferred for signal 'calculator.int_con.unnamedblk2.unnamedblk3.unnamedblk4.dy' (not all control paths of combinational always assign a value)
                                    : ... Suggest use of always_latch for intentional latches
  414 |     always @(*) begin
      |     ^~~~~~
%Warning-LATCH: intermediate.v:414:5: Latch inferred for signal 'calculator.int_con.unnamedblk2.unnamedblk3.unnamedblk4.md' (not all control paths of combinational always assign a value)
                                    : ... Suggest use of always_latch for intentional latches
  414 |     always @(*) begin
      |     ^~~~~~
%Warning-LATCH: intermediate.v:414:5: Latch inferred for signal 'calculator.int_con.unnamedblk2.unnamedblk3.unnamedblk4.tx' (not all control paths of combinational always assign a value)
                                    : ... Suggest use of always_latch for intentional latches
  414 |     always @(*) begin
      |     ^~~~~~
%Warning-LATCH: intermediate.v:414:5: Latch inferred for signal 'calculator.int_con.unnamedblk2.unnamedblk3.unnamedblk4.ty' (not all control paths of combinational always assign a value)
                                    : ... Suggest use of always_latch for intentional latches
  414 |     always @(*) begin
      |     ^~~~~~
%Warning-LATCH: intermediate.v:414:5: Latch inferred for signal 'calculator.int_con.unnamedblk2.unnamedblk3.unnamedblk4.unnamedblk10.nidx' (not all control paths of combinational always assign a value)
                                    : ... Suggest use of always_latch for intentional latches
  414 |     always @(*) begin
      |     ^~~~~~
%Warning-LATCH: intermediate.v:414:5: Latch inferred for signal 'calculator.int_con.unnamedblk2.unnamedblk3.unnamedblk4.unnamedblk11.nidx' (not all control paths of combinational always assign a value)
                                    : ... Suggest use of always_latch for intentional latches
  414 |     always @(*) begin
      |     ^~~~~~
%Warning-LATCH: intermediate.v:414:5: Latch inferred for signal 'calculator.int_con.unnamedblk2.unnamedblk3.unnamedblk4.unnamedblk5.local_res' (not all control paths of combinational always assign a value)
                                    : ... Suggest use of always_latch for intentional latches
  414 |     always @(*) begin
      |     ^~~~~~
%Warning-LATCH: intermediate.v:414:5: Latch inferred for signal 'calculator.int_con.unnamedblk2.unnamedblk3.unnamedblk4.unnamedblk6.nidx' (not all control paths of combinational always assign a value)
                                    : ... Suggest use of always_latch for intentional latches
  414 |     always @(*) begin
      |     ^~~~~~
%Warning-LATCH: intermediate.v:414:5: Latch inferred for signal 'calculator.int_con.unnamedblk2.unnamedblk3.unnamedblk4.unnamedblk7.nidx' (not all control paths of combinational always assign a value)
                                    : ... Suggest use of always_latch for intentional latches
  414 |     always @(*) begin
      |     ^~~~~~
%Warning-LATCH: intermediate.v:414:5: Latch inferred for signal 'calculator.int_con.unnamedblk2.unnamedblk3.unnamedblk4.unnamedblk8.nidx' (not all control paths of combinational always assign a value)
                                    : ... Suggest use of always_latch for intentional latches
  414 |     always @(*) begin
      |     ^~~~~~
%Warning-LATCH: intermediate.v:414:5: Latch inferred for signal 'calculator.int_con.unnamedblk2.unnamedblk3.unnamedblk4.unnamedblk9.nidx' (not all control paths of combinational always assign a value)
                                    : ... Suggest use of always_latch for intentional latches
  414 |     always @(*) begin
      |     ^~~~~~
%Warning-LATCH: intermediate.v:414:5: Latch inferred for signal 'calculator.int_con.in_a' (not all control paths of combinational always assign a value)
                                    : ... Suggest use of always_latch for intentional latches
  414 |     always @(*) begin
      |     ^~~~~~
%Warning-LATCH: intermediate.v:414:5: Latch inferred for signal 'calculator.int_con.in_b' (not all control paths of combinational always assign a value)
                                    : ... Suggest use of always_latch for intentional latches
  414 |     always @(*) begin
      |     ^~~~~~
%Warning-LATCH: intermediate.v:414:5: Latch inferred for signal 'calculator.int_con.in_ctrl' (not all control paths of combinational always assign a value)
                                    : ... Suggest use of always_latch for intentional latches
  414 |     always @(*) begin
      |     ^~~~~~
%Warning-LATCH: intermediate.v:414:5: Latch inferred for signal 'calculator.int_con.in_valid' (not all control paths of combinational always assign a value)
                                    : ... Suggest use of always_latch for intentional latches
  414 |     always @(*) begin
      |     ^~~~~~
%Warning-UNOPTFLAT: intermediate.v:23:16: Signal unoptimizable: Circular combinational logic: 'calculator.int_con.in_a'
   23 |     reg [63:0] in_a  [0:8];
      |                ^~~~
                    ... For warning description see https://verilator.org/warn/UNOPTFLAT?v=5.036
                    ... Use "/* verilator lint_off UNOPTFLAT */" and lint_on around source to disable this message.
                    intermediate.v:23:16:      Example path: calculator.int_con.in_a
                    intermediate.v:414:5:      Example path: ALWAYS
                    intermediate.v:23:16:      Example path: calculator.int_con.in_a
%Warning-UNOPTFLAT: intermediate.v:24:16: Signal unoptimizable: Circular combinational logic: 'calculator.int_con.in_b'
   24 |     reg [63:0] in_b  [0:8];
      |                ^~~~
                    intermediate.v:24:16:      Example path: calculator.int_con.in_b
                    intermediate.v:414:5:      Example path: ALWAYS
                    intermediate.v:23:16:      Example path: calculator.int_con.in_a
                    intermediate.v:414:5:      Example path: ALWAYS
%Warning-UNOPTFLAT: intermediate.v:25:16: Signal unoptimizable: Circular combinational logic: 'calculator.int_con.in_ctrl'
   25 |     reg [15:0] in_ctrl [0:8];
      |                ^~~~~~~
                    intermediate.v:25:16:      Example path: calculator.int_con.in_ctrl
                    intermediate.v:414:5:      Example path: ALWAYS
                    intermediate.v:23:16:      Example path: calculator.int_con.in_a
                    intermediate.v:414:5:      Example path: ALWAYS
%Warning-UNOPTFLAT: intermediate.v:26:16: Signal unoptimizable: Circular combinational logic: 'calculator.int_con.in_valid'
   26 |     reg        in_valid[0:8];
      |                ^~~~~~~~
                    intermediate.v:26:16:      Example path: calculator.int_con.in_valid
                    intermediate.v:414:5:      Example path: ALWAYS
                    intermediate.v:23:16:      Example path: calculator.int_con.in_a
                    intermediate.v:414:5:      Example path: ALWAYS
- V e r i l a t i o n   R e p o r t: Verilator 5.036 2025-04-27 rev v5.036-7-gfecb95035 (mod)
- Verilator: Built from 0.119 MB sources in 4 modules, into 1.670 MB in 12 C++ files needing 0.021 MB
- Verilator: Walltime 0.112 s (elab=0.004, cvt=0.077, bld=0.000); cpu 0.112 s on 1 threads; alloced 34.648 MB
Building the simulation binary...
make[2]: Entering directory '/home/riscv_sec/metro-mpi/temp/DPI-MPI-MESH/obj_dir'
g++  -I.  -MMD -I/usr/local/share/verilator/include -I/usr/local/share/verilator/include/vltstd -DVM_COVERAGE=0 -DVM_SC=0 -DVM_TIMING=0 -DVM_TRACE=1 -DVM_TRACE_FST=0 -DVM_TRACE_VCD=1 -DVM_TRACE_SAIF=0 -faligned-new -fcf-protection=none -Wno-bool-operation -Wno-shadow -Wno-sign-compare -Wno-subobject-linkage -Wno-tautological-compare -Wno-uninitialized -Wno-unused-but-set-parameter -Wno-unused-but-set-variable -Wno-unused-parameter -Wno-unused-variable    -O2 -Wall   -Os  -c -o sim.o ../sim.cpp
g++ -Os  -I.  -MMD -I/usr/local/share/verilator/include -I/usr/local/share/verilator/include/vltstd -DVM_COVERAGE=0 -DVM_SC=0 -DVM_TIMING=0 -DVM_TRACE=1 -DVM_TRACE_FST=0 -DVM_TRACE_VCD=1 -DVM_TRACE_SAIF=0 -faligned-new -fcf-protection=none -Wno-bool-operation -Wno-shadow -Wno-sign-compare -Wno-subobject-linkage -Wno-tautological-compare -Wno-uninitialized -Wno-unused-but-set-parameter -Wno-unused-but-set-variable -Wno-unused-parameter -Wno-unused-variable    -O2 -Wall   -c -o verilated.o /usr/local/share/verilator/include/verilated.cpp
g++ -Os  -I.  -MMD -I/usr/local/share/verilator/include -I/usr/local/share/verilator/include/vltstd -DVM_COVERAGE=0 -DVM_SC=0 -DVM_TIMING=0 -DVM_TRACE=1 -DVM_TRACE_FST=0 -DVM_TRACE_VCD=1 -DVM_TRACE_SAIF=0 -faligned-new -fcf-protection=none -Wno-bool-operation -Wno-shadow -Wno-sign-compare -Wno-subobject-linkage -Wno-tautological-compare -Wno-uninitialized -Wno-unused-but-set-parameter -Wno-unused-but-set-variable -Wno-unused-parameter -Wno-unused-variable    -O2 -Wall   -c -o verilated_dpi.o /usr/local/share/verilator/include/verilated_dpi.cpp
g++ -Os  -I.  -MMD -I/usr/local/share/verilator/include -I/usr/local/share/verilator/include/vltstd -DVM_COVERAGE=0 -DVM_SC=0 -DVM_TIMING=0 -DVM_TRACE=1 -DVM_TRACE_FST=0 -DVM_TRACE_VCD=1 -DVM_TRACE_SAIF=0 -faligned-new -fcf-protection=none -Wno-bool-operation -Wno-shadow -Wno-sign-compare -Wno-subobject-linkage -Wno-tautological-compare -Wno-uninitialized -Wno-unused-but-set-parameter -Wno-unused-but-set-variable -Wno-unused-parameter -Wno-unused-variable    -O2 -Wall   -c -o verilated_vcd_c.o /usr/local/share/verilator/include/verilated_vcd_c.cpp
g++ -Os  -I.  -MMD -I/usr/local/share/verilator/include -I/usr/local/share/verilator/include/vltstd -DVM_COVERAGE=0 -DVM_SC=0 -DVM_TIMING=0 -DVM_TRACE=1 -DVM_TRACE_FST=0 -DVM_TRACE_VCD=1 -DVM_TRACE_SAIF=0 -faligned-new -fcf-protection=none -Wno-bool-operation -Wno-shadow -Wno-sign-compare -Wno-subobject-linkage -Wno-tautological-compare -Wno-uninitialized -Wno-unused-but-set-parameter -Wno-unused-but-set-variable -Wno-unused-parameter -Wno-unused-variable    -O2 -Wall   -c -o verilated_threads.o /usr/local/share/verilator/include/verilated_threads.cpp
g++ -Os  -I.  -MMD -I/usr/local/share/verilator/include -I/usr/local/share/verilator/include/vltstd -DVM_COVERAGE=0 -DVM_SC=0 -DVM_TIMING=0 -DVM_TRACE=1 -DVM_TRACE_FST=0 -DVM_TRACE_VCD=1 -DVM_TRACE_SAIF=0 -faligned-new -fcf-protection=none -Wno-bool-operation -Wno-shadow -Wno-sign-compare -Wno-subobject-linkage -Wno-tautological-compare -Wno-uninitialized -Wno-unused-but-set-parameter -Wno-unused-but-set-variable -Wno-unused-parameter -Wno-unused-variable    -O2 -Wall   -x c++-header Vcalculator__pch.h -o Vcalculator__pch.h.fast.gch
make[2]: *** Deleting file 'Vcalculator__pch.h.fast.gch'
make[2]: *** [/usr/local/share/verilator/include/verilated.mk:288: Vcalculator__pch.h.fast.gch] Interrupt
make[1]: *** [Makefile:39: build] Interrupt
