make[1]: Entering directory '/home/kislay/Music/temp/DPI-MPI/subtractor_lib_mpi'
Cleaning build files...
[H[2J[3J== == == 1. Verilating design with top module 'subtractor' for .a files...
verilator -Wall -cc *.v --top-module subtractor --Mdir obj_dir_sub --Wno-fatal
MetroMPI 1. Going for verilate function: verilate(argString) in verilator.cpp(main)
MetroMPI 2. Going for process function: process() in verilator.cpp(verilate)
metro_mpi() at 211 in verilator.cpp
- V e r i l a t i o n   R e p o r t: Verilator 5.036 2025-04-27 rev v5.036-2-g9876d27ad
- Verilator: Built from 0.064 MB sources in 6 modules, into 0.027 MB in 8 C++ files needing 0.000 MB
- Verilator: Walltime 0.005 s (elab=0.000, cvt=0.001, bld=0.000); cpu 0.004 s on 1 threads; alloced 20.398 MB
== == ==  2. Making the library_for_lib_include...
make -C obj_dir_sub -f Vsubtractor.mk
make[2]: Entering directory '/home/kislay/Music/temp/DPI-MPI/subtractor_lib_mpi/obj_dir_sub'
python3 /usr/local/share/verilator/bin/verilator_includer -DVL_INCLUDE_OPT=include Vsubtractor.cpp Vsubtractor___024root__DepSet_hc8fe2ab8__0.cpp Vsubtractor___024root__DepSet_h70406573__0.cpp Vsubtractor__Dpi.cpp Vsubtractor___024root__Slow.cpp Vsubtractor___024root__DepSet_hc8fe2ab8__0__Slow.cpp Vsubtractor___024root__DepSet_h70406573__0__Slow.cpp Vsubtractor__Syms.cpp > Vsubtractor__ALL.cpp
ccache g++ -Os  -I.  -MMD -I/usr/local/share/verilator/include -I/usr/local/share/verilator/include/vltstd -DVM_COVERAGE=0 -DVM_SC=0 -DVM_TIMING=0 -DVM_TRACE=0 -DVM_TRACE_FST=0 -DVM_TRACE_VCD=0 -DVM_TRACE_SAIF=0 -faligned-new -fcf-protection=none -Wno-bool-operation -Wno-shadow -Wno-sign-compare -Wno-subobject-linkage -Wno-tautological-compare -Wno-uninitialized -Wno-unused-but-set-parameter -Wno-unused-but-set-variable -Wno-unused-parameter -Wno-unused-variable      -c -o Vsubtractor__ALL.o Vsubtractor__ALL.cpp
echo "" > libVsubtractor.verilator_deplist.tmp
ccache g++ -Os  -I.  -MMD -I/usr/local/share/verilator/include -I/usr/local/share/verilator/include/vltstd -DVM_COVERAGE=0 -DVM_SC=0 -DVM_TIMING=0 -DVM_TRACE=0 -DVM_TRACE_FST=0 -DVM_TRACE_VCD=0 -DVM_TRACE_SAIF=0 -faligned-new -fcf-protection=none -Wno-bool-operation -Wno-shadow -Wno-sign-compare -Wno-subobject-linkage -Wno-tautological-compare -Wno-uninitialized -Wno-unused-but-set-parameter -Wno-unused-but-set-variable -Wno-unused-parameter -Wno-unused-variable      -c -o verilated.o /usr/local/share/verilator/include/verilated.cpp
ccache g++ -Os  -I.  -MMD -I/usr/local/share/verilator/include -I/usr/local/share/verilator/include/vltstd -DVM_COVERAGE=0 -DVM_SC=0 -DVM_TIMING=0 -DVM_TRACE=0 -DVM_TRACE_FST=0 -DVM_TRACE_VCD=0 -DVM_TRACE_SAIF=0 -faligned-new -fcf-protection=none -Wno-bool-operation -Wno-shadow -Wno-sign-compare -Wno-subobject-linkage -Wno-tautological-compare -Wno-uninitialized -Wno-unused-but-set-parameter -Wno-unused-but-set-variable -Wno-unused-parameter -Wno-unused-variable      -c -o verilated_dpi.o /usr/local/share/verilator/include/verilated_dpi.cpp
ccache g++ -Os  -I.  -MMD -I/usr/local/share/verilator/include -I/usr/local/share/verilator/include/vltstd -DVM_COVERAGE=0 -DVM_SC=0 -DVM_TIMING=0 -DVM_TRACE=0 -DVM_TRACE_FST=0 -DVM_TRACE_VCD=0 -DVM_TRACE_SAIF=0 -faligned-new -fcf-protection=none -Wno-bool-operation -Wno-shadow -Wno-sign-compare -Wno-subobject-linkage -Wno-tautological-compare -Wno-uninitialized -Wno-unused-but-set-parameter -Wno-unused-but-set-variable -Wno-unused-parameter -Wno-unused-variable      -c -o verilated_threads.o /usr/local/share/verilator/include/verilated_threads.cpp
echo "" > libverilated.verilator_deplist.tmp
echo "" > Vsubtractor__ALL.verilator_deplist.tmp
rm libVsubtractor.verilator_deplist.tmp libverilated.verilator_deplist.tmp Vsubtractor__ALL.verilator_deplist.tmp
make[2]: Leaving directory '/home/kislay/Music/temp/DPI-MPI/subtractor_lib_mpi/obj_dir_sub'
== == == 3. Copying mpi-lib-sub.cpp file...
== == == 4. Elaborating with MPI...
verilator -cc subtractor.v   \
	--exe mpi-lib-sub.cpp \
	--Mdir obj_dir_sub \
	--top-module subtractor \
	--Wno-fatal --timing 
MetroMPI 1. Going for verilate function: verilate(argString) in verilator.cpp(main)
MetroMPI 2. Going for process function: process() in verilator.cpp(verilate)
metro_mpi() at 211 in verilator.cpp
- V e r i l a t i o n   R e p o r t: Verilator 5.036 2025-04-27 rev v5.036-2-g9876d27ad
- Verilator: Built from 0.024 MB sources in 2 modules, into 0.025 MB in 7 C++ files needing 0.000 MB
- Verilator: Walltime 0.003 s (elab=0.000, cvt=0.001, bld=0.000); cpu 0.003 s on 1 threads; alloced 20.406 MB
== == == 5. Making the library...
make CXX=mpic++ LINK=mpic++ -C obj_dir_sub -f Vsubtractor.mk Vsubtractor
make[2]: Entering directory '/home/kislay/Music/temp/DPI-MPI/subtractor_lib_mpi/obj_dir_sub'
ccache mpic++  -I.  -MMD -I/usr/local/share/verilator/include -I/usr/local/share/verilator/include/vltstd -DVM_COVERAGE=0 -DVM_SC=0 -DVM_TIMING=0 -DVM_TRACE=0 -DVM_TRACE_FST=0 -DVM_TRACE_VCD=0 -DVM_TRACE_SAIF=0 -faligned-new -fcf-protection=none -Wno-bool-operation -Wno-shadow -Wno-sign-compare -Wno-subobject-linkage -Wno-tautological-compare -Wno-uninitialized -Wno-unused-but-set-parameter -Wno-unused-but-set-variable -Wno-unused-parameter -Wno-unused-variable      -Os  -c -o mpi-lib-sub.o ../mpi-lib-sub.cpp
ccache mpic++ -Os  -I.  -MMD -I/usr/local/share/verilator/include -I/usr/local/share/verilator/include/vltstd -DVM_COVERAGE=0 -DVM_SC=0 -DVM_TIMING=0 -DVM_TRACE=0 -DVM_TRACE_FST=0 -DVM_TRACE_VCD=0 -DVM_TRACE_SAIF=0 -faligned-new -fcf-protection=none -Wno-bool-operation -Wno-shadow -Wno-sign-compare -Wno-subobject-linkage -Wno-tautological-compare -Wno-uninitialized -Wno-unused-but-set-parameter -Wno-unused-but-set-variable -Wno-unused-parameter -Wno-unused-variable      -c -o verilated.o /usr/local/share/verilator/include/verilated.cpp
ccache mpic++ -Os  -I.  -MMD -I/usr/local/share/verilator/include -I/usr/local/share/verilator/include/vltstd -DVM_COVERAGE=0 -DVM_SC=0 -DVM_TIMING=0 -DVM_TRACE=0 -DVM_TRACE_FST=0 -DVM_TRACE_VCD=0 -DVM_TRACE_SAIF=0 -faligned-new -fcf-protection=none -Wno-bool-operation -Wno-shadow -Wno-sign-compare -Wno-subobject-linkage -Wno-tautological-compare -Wno-uninitialized -Wno-unused-but-set-parameter -Wno-unused-but-set-variable -Wno-unused-parameter -Wno-unused-variable      -c -o verilated_threads.o /usr/local/share/verilator/include/verilated_threads.cpp
python3 /usr/local/share/verilator/bin/verilator_includer -DVL_INCLUDE_OPT=include Vsubtractor.cpp Vsubtractor___024root__DepSet_hc8fe2ab8__0.cpp Vsubtractor___024root__DepSet_h70406573__0.cpp Vsubtractor___024root__Slow.cpp Vsubtractor___024root__DepSet_hc8fe2ab8__0__Slow.cpp Vsubtractor___024root__DepSet_h70406573__0__Slow.cpp Vsubtractor__Syms.cpp > Vsubtractor__ALL.cpp
ccache mpic++ -Os  -I.  -MMD -I/usr/local/share/verilator/include -I/usr/local/share/verilator/include/vltstd -DVM_COVERAGE=0 -DVM_SC=0 -DVM_TIMING=0 -DVM_TRACE=0 -DVM_TRACE_FST=0 -DVM_TRACE_VCD=0 -DVM_TRACE_SAIF=0 -faligned-new -fcf-protection=none -Wno-bool-operation -Wno-shadow -Wno-sign-compare -Wno-subobject-linkage -Wno-tautological-compare -Wno-uninitialized -Wno-unused-but-set-parameter -Wno-unused-but-set-variable -Wno-unused-parameter -Wno-unused-variable      -c -o Vsubtractor__ALL.o Vsubtractor__ALL.cpp
echo "" > Vsubtractor__ALL.verilator_deplist.tmp
mpic++    mpi-lib-sub.o verilated.o verilated_threads.o Vsubtractor__ALL.a    -pthread -lpthread -latomic   -o Vsubtractor
rm Vsubtractor__ALL.verilator_deplist.tmp
make[2]: Leaving directory '/home/kislay/Music/temp/DPI-MPI/subtractor_lib_mpi/obj_dir_sub'
Copying obj_dir_sub folder...
make[1]: Leaving directory '/home/kislay/Music/temp/DPI-MPI/subtractor_lib_mpi'
