make[1]: Entering directory '/home/kislay/Music/temp/DPI-MPI-Iter2/divider_lib_mpi'
Cleaning build files...
[H[2J[3J== == == 1. Verilating design with top module 'divider' for .a files...
verilator -Wall -cc *.v --top-module divider --Mdir obj_dir_div --Wno-fatal
MetroMPI 1. Going for verilate function: verilate(argString) in verilator.cpp(main)
MetroMPI 2. Going for process function: process() in verilator.cpp(verilate)
metro_mpi() at 211 in verilator.cpp
- V e r i l a t i o n   R e p o r t: Verilator 5.036 2025-04-27 rev v5.036-2-g9876d27ad
- Verilator: Built from 0.023 MB sources in 2 modules, into 0.028 MB in 7 C++ files needing 0.000 MB
- Verilator: Walltime 0.007 s (elab=0.000, cvt=0.003, bld=0.000); cpu 0.007 s on 1 threads; alloced 20.406 MB
== == ==  2. Making the library_for_lib_include...
make -C obj_dir_div -f Vdivider.mk
make[2]: Entering directory '/home/kislay/Music/temp/DPI-MPI-Iter2/divider_lib_mpi/obj_dir_div'
python3 /usr/local/share/verilator/bin/verilator_includer -DVL_INCLUDE_OPT=include Vdivider.cpp Vdivider___024root__DepSet_he22922b2__0.cpp Vdivider___024root__DepSet_hca278b80__0.cpp Vdivider___024root__Slow.cpp Vdivider___024root__DepSet_he22922b2__0__Slow.cpp Vdivider___024root__DepSet_hca278b80__0__Slow.cpp Vdivider__Syms.cpp > Vdivider__ALL.cpp
ccache g++ -Os  -I.  -MMD -I/usr/local/share/verilator/include -I/usr/local/share/verilator/include/vltstd -DVM_COVERAGE=0 -DVM_SC=0 -DVM_TIMING=0 -DVM_TRACE=0 -DVM_TRACE_FST=0 -DVM_TRACE_VCD=0 -DVM_TRACE_SAIF=0 -faligned-new -fcf-protection=none -Wno-bool-operation -Wno-shadow -Wno-sign-compare -Wno-subobject-linkage -Wno-tautological-compare -Wno-uninitialized -Wno-unused-but-set-parameter -Wno-unused-but-set-variable -Wno-unused-parameter -Wno-unused-variable      -c -o Vdivider__ALL.o Vdivider__ALL.cpp
echo "" > libVdivider.verilator_deplist.tmp
ccache g++ -Os  -I.  -MMD -I/usr/local/share/verilator/include -I/usr/local/share/verilator/include/vltstd -DVM_COVERAGE=0 -DVM_SC=0 -DVM_TIMING=0 -DVM_TRACE=0 -DVM_TRACE_FST=0 -DVM_TRACE_VCD=0 -DVM_TRACE_SAIF=0 -faligned-new -fcf-protection=none -Wno-bool-operation -Wno-shadow -Wno-sign-compare -Wno-subobject-linkage -Wno-tautological-compare -Wno-uninitialized -Wno-unused-but-set-parameter -Wno-unused-but-set-variable -Wno-unused-parameter -Wno-unused-variable      -c -o verilated.o /usr/local/share/verilator/include/verilated.cpp
ccache g++ -Os  -I.  -MMD -I/usr/local/share/verilator/include -I/usr/local/share/verilator/include/vltstd -DVM_COVERAGE=0 -DVM_SC=0 -DVM_TIMING=0 -DVM_TRACE=0 -DVM_TRACE_FST=0 -DVM_TRACE_VCD=0 -DVM_TRACE_SAIF=0 -faligned-new -fcf-protection=none -Wno-bool-operation -Wno-shadow -Wno-sign-compare -Wno-subobject-linkage -Wno-tautological-compare -Wno-uninitialized -Wno-unused-but-set-parameter -Wno-unused-but-set-variable -Wno-unused-parameter -Wno-unused-variable      -c -o verilated_threads.o /usr/local/share/verilator/include/verilated_threads.cpp
echo "" > libverilated.verilator_deplist.tmp
echo "" > Vdivider__ALL.verilator_deplist.tmp
rm libVdivider.verilator_deplist.tmp Vdivider__ALL.verilator_deplist.tmp libverilated.verilator_deplist.tmp
make[2]: Leaving directory '/home/kislay/Music/temp/DPI-MPI-Iter2/divider_lib_mpi/obj_dir_div'
== == == 3. Copying mpi-lib-div.cpp file...
== == == 4. Elaborating with MPI...
verilator -cc divider.v   \
	--exe mpi-lib-div.cpp \
	--Mdir obj_dir_div \
	--top-module divider \
	--Wno-fatal --timing 
MetroMPI 1. Going for verilate function: verilate(argString) in verilator.cpp(main)
MetroMPI 2. Going for process function: process() in verilator.cpp(verilate)
metro_mpi() at 211 in verilator.cpp
- V e r i l a t i o n   R e p o r t: Verilator 5.036 2025-04-27 rev v5.036-2-g9876d27ad
- Verilator: Built from 0.025 MB sources in 2 modules, into 0.028 MB in 7 C++ files needing 0.000 MB
- Verilator: Walltime 0.008 s (elab=0.000, cvt=0.003, bld=0.000); cpu 0.008 s on 1 threads; alloced 20.402 MB
== == == 5. Making the library...
make CXX=mpic++ LINK=mpic++ -C obj_dir_div -f Vdivider.mk Vdivider
make[2]: Entering directory '/home/kislay/Music/temp/DPI-MPI-Iter2/divider_lib_mpi/obj_dir_div'
ccache mpic++  -I.  -MMD -I/usr/local/share/verilator/include -I/usr/local/share/verilator/include/vltstd -DVM_COVERAGE=0 -DVM_SC=0 -DVM_TIMING=0 -DVM_TRACE=0 -DVM_TRACE_FST=0 -DVM_TRACE_VCD=0 -DVM_TRACE_SAIF=0 -faligned-new -fcf-protection=none -Wno-bool-operation -Wno-shadow -Wno-sign-compare -Wno-subobject-linkage -Wno-tautological-compare -Wno-uninitialized -Wno-unused-but-set-parameter -Wno-unused-but-set-variable -Wno-unused-parameter -Wno-unused-variable      -Os  -c -o mpi-lib-div.o ../mpi-lib-div.cpp
ccache mpic++ -Os  -I.  -MMD -I/usr/local/share/verilator/include -I/usr/local/share/verilator/include/vltstd -DVM_COVERAGE=0 -DVM_SC=0 -DVM_TIMING=0 -DVM_TRACE=0 -DVM_TRACE_FST=0 -DVM_TRACE_VCD=0 -DVM_TRACE_SAIF=0 -faligned-new -fcf-protection=none -Wno-bool-operation -Wno-shadow -Wno-sign-compare -Wno-subobject-linkage -Wno-tautological-compare -Wno-uninitialized -Wno-unused-but-set-parameter -Wno-unused-but-set-variable -Wno-unused-parameter -Wno-unused-variable      -c -o verilated.o /usr/local/share/verilator/include/verilated.cpp
ccache mpic++ -Os  -I.  -MMD -I/usr/local/share/verilator/include -I/usr/local/share/verilator/include/vltstd -DVM_COVERAGE=0 -DVM_SC=0 -DVM_TIMING=0 -DVM_TRACE=0 -DVM_TRACE_FST=0 -DVM_TRACE_VCD=0 -DVM_TRACE_SAIF=0 -faligned-new -fcf-protection=none -Wno-bool-operation -Wno-shadow -Wno-sign-compare -Wno-subobject-linkage -Wno-tautological-compare -Wno-uninitialized -Wno-unused-but-set-parameter -Wno-unused-but-set-variable -Wno-unused-parameter -Wno-unused-variable      -c -o verilated_threads.o /usr/local/share/verilator/include/verilated_threads.cpp
python3 /usr/local/share/verilator/bin/verilator_includer -DVL_INCLUDE_OPT=include Vdivider.cpp Vdivider___024root__DepSet_he22922b2__0.cpp Vdivider___024root__DepSet_hca278b80__0.cpp Vdivider___024root__Slow.cpp Vdivider___024root__DepSet_he22922b2__0__Slow.cpp Vdivider___024root__DepSet_hca278b80__0__Slow.cpp Vdivider__Syms.cpp > Vdivider__ALL.cpp
ccache mpic++ -Os  -I.  -MMD -I/usr/local/share/verilator/include -I/usr/local/share/verilator/include/vltstd -DVM_COVERAGE=0 -DVM_SC=0 -DVM_TIMING=0 -DVM_TRACE=0 -DVM_TRACE_FST=0 -DVM_TRACE_VCD=0 -DVM_TRACE_SAIF=0 -faligned-new -fcf-protection=none -Wno-bool-operation -Wno-shadow -Wno-sign-compare -Wno-subobject-linkage -Wno-tautological-compare -Wno-uninitialized -Wno-unused-but-set-parameter -Wno-unused-but-set-variable -Wno-unused-parameter -Wno-unused-variable      -c -o Vdivider__ALL.o Vdivider__ALL.cpp
echo "" > Vdivider__ALL.verilator_deplist.tmp
mpic++    mpi-lib-div.o verilated.o verilated_threads.o Vdivider__ALL.a    -pthread -lpthread -latomic   -o Vdivider
rm Vdivider__ALL.verilator_deplist.tmp
make[2]: Leaving directory '/home/kislay/Music/temp/DPI-MPI-Iter2/divider_lib_mpi/obj_dir_div'
Copying obj_dir_div folder...
make[1]: Leaving directory '/home/kislay/Music/temp/DPI-MPI-Iter2/divider_lib_mpi'
